#
# A fatal error has been detected by the Java Runtime Environment:
#
#  EXCEPTION_ACCESS_VIOLATION (0xc0000005) at pc=0x00007ff9a118e0a9, pid=23480, tid=24500
#
# JRE version: OpenJDK Runtime Environment Microsoft-8035246 (17.0.8+7) (build 17.0.8+7-LTS)
# Java VM: OpenJDK 64-Bit Server VM Microsoft-8035246 (17.0.8+7-LTS, mixed mode, sharing, tiered, compressed oops, compressed class ptrs, g1 gc, windows-amd64)
# Problematic frame:
# V  [jvm.dll+0x2be0a9]
#
# No core dump will be written. Minidumps are not enabled by default on client versions of Windows
#
# If you would like to submit a bug report, please visit:
#   https://github.com/microsoft/openjdk/issues
#

---------------  S U M M A R Y ------------

Command Line: -XX:MaxMetaspaceSize=512m --add-opens=java.base/java.util=ALL-UNNAMED --add-opens=java.base/java.lang=ALL-UNNAMED --add-opens=java.base/java.lang.invoke=ALL-UNNAMED --add-opens=java.prefs/java.util.prefs=ALL-UNNAMED --add-opens=java.base/java.nio.charset=ALL-UNNAMED --add-opens=java.base/java.net=ALL-UNNAMED --add-opens=java.base/java.util.concurrent.atomic=ALL-UNNAMED -Xmx2048m -Dfile.encoding=windows-1252 -Duser.country=IN -Duser.language=en -Duser.variant -javaagent:C:\Users\USER\.gradle\wrapper\dists\gradle-8.3-all\6en3ugtfdg5xnpx44z4qbwgas\gradle-8.3\lib\agents\gradle-instrumentation-agent-8.3.jar org.gradle.launcher.daemon.bootstrap.GradleDaemon 8.3

Host: 11th Gen Intel(R) Core(TM) i3-1115G4 @ 3.00GHz, 4 cores, 7G,  Windows 11 , 64 bit Build 22621 (10.0.22621.3085)
Time: Tue Mar  5 23:36:33 2024 India Standard Time elapsed time: 65.053320 seconds (0d 0h 1m 5s)

---------------  T H R E A D  ---------------

Current thread (0x0000026377f67f50):  JavaThread "C2 CompilerThread0" daemon [_thread_in_native, id=24500, stack(0x000000fd6b300000,0x000000fd6b400000)]


Current CompileTask:
C2:  65053 15258   !   4       org.gradle.cache.internal.DefaultMultiProcessSafeIndexedCache::getIfPresent (25 bytes)

Stack: [0x000000fd6b300000,0x000000fd6b400000],  sp=0x000000fd6b3fb9b0,  free space=1006k
Native frames: (J=compiled Java code, j=interpreted, Vv=VM code, C=native code)
V  [jvm.dll+0x2be0a9]
V  [jvm.dll+0x21ba8b]
V  [jvm.dll+0x21944b]
V  [jvm.dll+0x1a56b6]
V  [jvm.dll+0x2291ea]
V  [jvm.dll+0x22724c]
V  [jvm.dll+0x7efd0c]
V  [jvm.dll+0x7ea13a]
V  [jvm.dll+0x67ad85]
C  [ucrtbase.dll+0x29363]
C  [KERNEL32.DLL+0x1257d]
C  [ntdll.dll+0x5aa58]


siginfo: EXCEPTION_ACCESS_VIOLATION (0xc0000005), reading address 0x0000000000000028


Register to memory mapping:

RIP=0x00007ff9a118e0a9 jvm.dll
RAX=0x000002631d510f80 points into unknown readable memory: 0x0000000000000000 | 00 00 00 00 00 00 00 00
RBX=0x0000000000001cae is an unknown value
RCX=0x0 is NULL
RDX=0x0 is NULL
RSP=0x000000fd6b3fb9b0 is pointing into the stack for thread: 0x0000026377f67f50
RBP=0x000000fd6b3fba20 is pointing into the stack for thread: 0x0000026377f67f50
RSI=0x0 is NULL
RDI=0x0000000000000065 is an unknown value
R8 =0x000000000000ffe0 is an unknown value
R9 =0x0 is NULL
R10=0x00007ff9dfe40000 VCRUNTIME140.dll
R11=0x000002631d510fa0 points into unknown readable memory: 0x0000000000000000 | 00 00 00 00 00 00 00 00
R12=0x0000000000000050 is an unknown value
R13=0x0 is NULL
R14=0x0 is NULL
R15=0x000000fd6b3febd0 is pointing into the stack for thread: 0x0000026377f67f50


Registers:
RAX=0x000002631d510f80, RBX=0x0000000000001cae, RCX=0x0000000000000000, RDX=0x0000000000000000
RSP=0x000000fd6b3fb9b0, RBP=0x000000fd6b3fba20, RSI=0x0000000000000000, RDI=0x0000000000000065
R8 =0x000000000000ffe0, R9 =0x0000000000000000, R10=0x00007ff9dfe40000, R11=0x000002631d510fa0
R12=0x0000000000000050, R13=0x0000000000000000, R14=0x0000000000000000, R15=0x000000fd6b3febd0
RIP=0x00007ff9a118e0a9, EFLAGS=0x0000000000010202

Top of Stack: (sp=0x000000fd6b3fb9b0)
0x000000fd6b3fb9b0:   0000000000001cae 0000000000000000
0x000000fd6b3fb9c0:   000000fd6b3febd0 00007ff9a10f38d1
0x000000fd6b3fb9d0:   0000026377f60630 00007ff900002000
0x000000fd6b3fb9e0:   000002631d510f80 000000fd00000000
0x000000fd6b3fb9f0:   0000000000000002 000002631bcc2620
0x000000fd6b3fba00:   0000000000000002 0000026377f60630
0x000000fd6b3fba10:   0000000000000000 0000000000000000
0x000000fd6b3fba20:   0000026377f44060 000002635845a460
0x000000fd6b3fba30:   0000000000000065 00007ff9a1814c08
0x000000fd6b3fba40:   000000fd6b3fbb50 00007ff9a10eba8b
0x000000fd6b3fba50:   000000fd6b3febd0 00007ff9a1814c08
0x000000fd6b3fba60:   000000fd6b3febd0 000000fd6b3fbb50
0x000000fd6b3fba70:   0000026300000000 00007ff9a14eb7fb
0x000000fd6b3fba80:   000000fd0000000f 000000fd6b3febd0
0x000000fd6b3fba90:   000000fd6b3fbc00 0000000000000000
0x000000fd6b3fbaa0:   0000026300000100 00007ff9a1814c08 

Instructions: (pc=0x00007ff9a118e0a9)
0x00007ff9a118dfa9:   3b d0 75 0b ff c1 41 3b c9 7c dc 48 8b c2 c3 33
0x00007ff9a118dfb9:   c0 c3 cc cc cc cc cc 48 89 5c 24 18 55 56 57 41
0x00007ff9a118dfc9:   55 41 57 48 8b ec 48 83 ec 70 65 48 8b 04 25 58
0x00007ff9a118dfd9:   00 00 00 48 8b f2 44 8b 05 d2 8b 90 00 4c 8b f9
0x00007ff9a118dfe9:   4a 8b 1c c0 b8 50 00 00 00 80 3c 18 00 75 05 e8
0x00007ff9a118dff9:   8b 6f 5d 00 b8 20 00 00 00 48 8b 04 18 48 8b 98
0x00007ff9a118e009:   38 02 00 00 48 89 5d b0 c7 45 b8 04 00 00 00 48
0x00007ff9a118e019:   8b 43 18 48 83 f8 df 76 18 4c 8d 05 37 a9 65 00
0x00007ff9a118e029:   ba 20 00 00 00 48 8b cb e8 5a eb de ff 48 8b 43
0x00007ff9a118e039:   18 48 8d 48 20 48 3b 4b 20 76 11 45 33 c0 48 8b
0x00007ff9a118e049:   cb 41 8d 50 20 e8 fd e8 de ff eb 04 48 89 4b 18
0x00007ff9a118e059:   44 8b 45 b8 33 d2 49 c1 e0 03 48 8b c8 48 89 45
0x00007ff9a118e069:   c0 e8 e3 80 5d 00 45 33 ed 48 8d 4d d0 44 89 6d
0x00007ff9a118e079:   c8 e8 01 59 56 00 41 8b 9f 40 02 00 00 41 2b 9f
0x00007ff9a118e089:   68 02 00 00 44 89 6d f0 3b 5d b8 72 0b 8b d3 48
0x00007ff9a118e099:   8d 4d b0 e8 6f b3 39 00 48 8b 45 c0 4c 89 2c d8
0x00007ff9a118e0a9:   8b 7e 28 8b df c1 eb 05 3b 5d d0 72 0b 8b d3 48
0x00007ff9a118e0b9:   8d 4d d0 e8 1f 59 56 00 48 8b 45 d8 83 e7 1f 48
0x00007ff9a118e0c9:   8d 14 98 40 0f b6 cf 41 b8 01 00 00 00 41 d3 e0
0x00007ff9a118e0d9:   8b 0a 8b c1 41 0b c0 89 02 41 85 c8 75 21 8b 5d
0x00007ff9a118e0e9:   c8 8d 43 01 89 45 c8 3b 5d b8 72 0b 8b d3 48 8d
0x00007ff9a118e0f9:   4d b0 e8 10 b3 39 00 48 8b 45 c0 48 89 34 d8 44
0x00007ff9a118e109:   39 6d c8 0f 86 77 01 00 00 4c 89 a4 24 a0 00 00
0x00007ff9a118e119:   00 4c 89 b4 24 a8 00 00 00 48 8b 45 c0 41 8b cd
0x00007ff9a118e129:   48 8b 34 c8 8b 46 2c 25 ff 1f 00 00 3d 04 10 00
0x00007ff9a118e139:   00 0f 85 a7 00 00 00 bb 01 00 00 00 39 5e 18 76
0x00007ff9a118e149:   39 66 0f 1f 44 00 00 48 8b 46 08 8b cb 48 8b 14
0x00007ff9a118e159:   c8 48 85 d2 74 1d 48 83 7a 10 00 74 16 80 7a 2c
0x00007ff9a118e169:   84 74 10 e8 7f 7e ee ff 48 8b d0 49 8b cf e8 a4
0x00007ff9a118e179:   61 f6 ff ff c3 3b 5e 18 72 cd 48 8b 5e 10 8b 46
0x00007ff9a118e189:   20 4c 8d 34 c3 49 3b de 73 54 48 8b 3b 8b 47 2c
0x00007ff9a118e199:   83 e0 03 3c 03 75 2e 48 8b 07 48 8b cf ff 90 88 


Stack slot to memory mapping:
stack at sp + 0 slots: 0x0000000000001cae is an unknown value
stack at sp + 1 slots: 0x0 is NULL
stack at sp + 2 slots: 0x000000fd6b3febd0 is pointing into the stack for thread: 0x0000026377f67f50
stack at sp + 3 slots: 0x00007ff9a10f38d1 jvm.dll
stack at sp + 4 slots: 0x0000026377f60630 points into unknown readable memory: 0x0000000000000006 | 06 00 00 00 00 00 00 00
stack at sp + 5 slots: 0x00007ff900002000 is an unknown value
stack at sp + 6 slots: 0x000002631d510f80 points into unknown readable memory: 0x0000000000000000 | 00 00 00 00 00 00 00 00
stack at sp + 7 slots: 0x000000fd00000000 is an unknown value


---------------  P R O C E S S  ---------------

Threads class SMR info:
_java_thread_list=0x000002631cdbbc50, length=95, elements={
0x0000026358442ff0, 0x0000026377f41d90, 0x0000026377f42950, 0x0000026377f61240,
0x0000026377f61d10, 0x0000026377f667f0, 0x0000026377f671b0, 0x0000026377f67f50,
0x0000026377f6aa10, 0x0000026377fbcf40, 0x0000026377f2aef0, 0x000002637c2aaa00,
0x000002637d7c7fd0, 0x000002637d29f650, 0x000002637d04c540, 0x000002637d5ff1e0,
0x000002637d634c90, 0x000002637d900b70, 0x000002637d901080, 0x000002637d9024c0,
0x000002637d901aa0, 0x000002637d8fed10, 0x000002637d901fb0, 0x000002637d8ff220,
0x000002637d8ffc40, 0x000002637d901590, 0x000002637d900150, 0x000002637d900660,
0x000002637e447d00, 0x000002637e44c3e0, 0x000002637e4477f0, 0x000002637e44ce00,
0x000002637e446dd0, 0x000002637e44a580, 0x000002637e449650, 0x000002637e44d310,
0x000002637e448720, 0x000002637e44d820, 0x000002637e44bed0, 0x000002637e448c30,
0x000002637e44b4b0, 0x000002637e449140, 0x000002637e44a070, 0x000002637e44b9c0,
0x000002637e44dd30, 0x000002637e4468c0, 0x000002637e44aa90, 0x000002637e44e240,
0x000002637c233380, 0x000002637c22e790, 0x000002637c231f40, 0x000002637c22fbd0,
0x000002637c231010, 0x000002637c233890, 0x000002637c232e70, 0x000002637c231520,
0x000002637c2347c0, 0x000002637c22f6c0, 0x000002637c231a30, 0x000002637c234cd0,
0x000002637c22e280, 0x000002637c233da0, 0x000002637c2342b0, 0x000002637c2351e0,
0x000002637c2356f0, 0x000002637c22eca0, 0x000002637c2305f0, 0x000002637d8ff730,
0x000002637dba1860, 0x000002637dba5010, 0x000002637dba7da0, 0x000002637dba5a30,
0x000002637dba2280, 0x000002637dba3bd0, 0x000002637dba82b0, 0x000002637dba5520,
0x000002637dba6450, 0x000002637dba87c0, 0x000002637dba4b00, 0x000002637dba2ca0,
0x000002637dba5f40, 0x000002637dba6960, 0x000002637dba31b0, 0x000002637dba7890,
0x000002637dba8cd0, 0x000002637dba91e0, 0x000002637cbe9040, 0x000002637cbeeb60,
0x000002637cbec2e0, 0x000002637cbe8620, 0x000002637cbea990, 0x000002637cbeaea0,
0x000002637cbec7f0, 0x000002637cbee650, 0x000002637cbed210
}

Java Threads: ( => current thread )
  0x0000026358442ff0 JavaThread "main" [_thread_blocked, id=6320, stack(0x000000fd6a600000,0x000000fd6a700000)]
  0x0000026377f41d90 JavaThread "Reference Handler" daemon [_thread_blocked, id=10164, stack(0x000000fd6ad00000,0x000000fd6ae00000)]
  0x0000026377f42950 JavaThread "Finalizer" daemon [_thread_blocked, id=21616, stack(0x000000fd6ae00000,0x000000fd6af00000)]
  0x0000026377f61240 JavaThread "Signal Dispatcher" daemon [_thread_blocked, id=9648, stack(0x000000fd6af00000,0x000000fd6b000000)]
  0x0000026377f61d10 JavaThread "Attach Listener" daemon [_thread_blocked, id=18232, stack(0x000000fd6b000000,0x000000fd6b100000)]
  0x0000026377f667f0 JavaThread "Service Thread" daemon [_thread_blocked, id=3840, stack(0x000000fd6b100000,0x000000fd6b200000)]
  0x0000026377f671b0 JavaThread "Monitor Deflation Thread" daemon [_thread_blocked, id=8316, stack(0x000000fd6b200000,0x000000fd6b300000)]
=>0x0000026377f67f50 JavaThread "C2 CompilerThread0" daemon [_thread_in_native, id=24500, stack(0x000000fd6b300000,0x000000fd6b400000)]
  0x0000026377f6aa10 JavaThread "C1 CompilerThread0" daemon [_thread_blocked, id=19644, stack(0x000000fd6b400000,0x000000fd6b500000)]
  0x0000026377fbcf40 JavaThread "Sweeper thread" daemon [_thread_blocked, id=19416, stack(0x000000fd6b500000,0x000000fd6b600000)]
  0x0000026377f2aef0 JavaThread "Common-Cleaner" daemon [_thread_blocked, id=12872, stack(0x000000fd6b600000,0x000000fd6b700000)]
  0x000002637c2aaa00 JavaThread "Notification Thread" daemon [_thread_blocked, id=3384, stack(0x000000fd6b800000,0x000000fd6b900000)]
  0x000002637d7c7fd0 JavaThread "Daemon health stats" [_thread_blocked, id=2816, stack(0x000000fd6bd00000,0x000000fd6be00000)]
  0x000002637d29f650 JavaThread "Incoming local TCP Connector on port 62119" [_thread_in_native, id=21268, stack(0x000000fd6be00000,0x000000fd6bf00000)]
  0x000002637d04c540 JavaThread "Daemon periodic checks" [_thread_blocked, id=8336, stack(0x000000fd6bf00000,0x000000fd6c000000)]
  0x000002637d5ff1e0 JavaThread "Daemon" [_thread_blocked, id=9092, stack(0x000000fd6c000000,0x000000fd6c100000)]
  0x000002637d634c90 JavaThread "Handler for socket connection from /127.0.0.1:62119 to /127.0.0.1:62120" [_thread_in_native, id=14916, stack(0x000000fd6c100000,0x000000fd6c200000)]
  0x000002637d900b70 JavaThread "Cancel handler" [_thread_blocked, id=11196, stack(0x000000fd6c200000,0x000000fd6c300000)]
  0x000002637d901080 JavaThread "Daemon worker" [_thread_blocked, id=15700, stack(0x000000fd6c300000,0x000000fd6c400000)]
  0x000002637d9024c0 JavaThread "Asynchronous log dispatcher for DefaultDaemonConnection: socket connection from /127.0.0.1:62119 to /127.0.0.1:62120" [_thread_blocked, id=5440, stack(0x000000fd6c400000,0x000000fd6c500000)]
  0x000002637d901aa0 JavaThread "Stdin handler" [_thread_blocked, id=9276, stack(0x000000fd6c500000,0x000000fd6c600000)]
  0x000002637d8fed10 JavaThread "Daemon client event forwarder" [_thread_blocked, id=18468, stack(0x000000fd6c600000,0x000000fd6c700000)]
  0x000002637d901fb0 JavaThread "Cache worker for journal cache (C:\Users\USER\.gradle\caches\journal-1)" [_thread_blocked, id=3624, stack(0x000000fd6c700000,0x000000fd6c800000)]
  0x000002637d8ff220 JavaThread "File lock request listener" [_thread_in_native, id=18256, stack(0x000000fd6c800000,0x000000fd6c900000)]
  0x000002637d8ffc40 JavaThread "File lock release action executor" [_thread_blocked, id=20432, stack(0x000000fd6c900000,0x000000fd6ca00000)]
  0x000002637d901590 JavaThread "Cache worker for file hash cache (C:\Users\USER\.gradle\caches\8.3\fileHashes)" [_thread_blocked, id=10976, stack(0x000000fd6ca00000,0x000000fd6cb00000)]
  0x000002637d900150 JavaThread "File watcher server" daemon [_thread_in_native, id=13812, stack(0x000000fd6cb00000,0x000000fd6cc00000)]
  0x000002637d900660 JavaThread "File watcher consumer" daemon [_thread_blocked, id=6016, stack(0x000000fd6cc00000,0x000000fd6cd00000)]
  0x000002637e447d00 JavaThread "Cache worker for checksums cache (C:\Users\USER\HSE-updated\android\.gradle\8.3\checksums)" [_thread_blocked, id=23120, stack(0x000000fd6cd00000,0x000000fd6ce00000)]
  0x000002637e44c3e0 JavaThread "Cache worker for file hash cache (C:\Users\USER\HSE-updated\android\.gradle\8.3\fileHashes)" [_thread_blocked, id=5912, stack(0x000000fd6ce00000,0x000000fd6cf00000)]
  0x000002637e4477f0 JavaThread "Cache worker for cache directory md-supplier (C:\Users\USER\.gradle\caches\8.3\md-supplier)" [_thread_blocked, id=6356, stack(0x000000fd6cf00000,0x000000fd6d000000)]
  0x000002637e44ce00 JavaThread "Cache worker for file content cache (C:\Users\USER\.gradle\caches\8.3\fileContent)" [_thread_blocked, id=13748, stack(0x000000fd6d000000,0x000000fd6d100000)]
  0x000002637e446dd0 JavaThread "Cache worker for cache directory md-rule (C:\Users\USER\.gradle\caches\8.3\md-rule)" [_thread_blocked, id=22464, stack(0x000000fd6d200000,0x000000fd6d300000)]
  0x000002637e44a580 JavaThread "Cache worker for execution history cache (C:\Users\USER\.gradle\caches\8.3\executionHistory)" [_thread_blocked, id=16388, stack(0x000000fd6d300000,0x000000fd6d400000)]
  0x000002637e449650 JavaThread "jar transforms" [_thread_blocked, id=19544, stack(0x000000fd6d500000,0x000000fd6d600000)]
  0x000002637e44d310 JavaThread "jar transforms Thread 2" [_thread_blocked, id=21816, stack(0x000000fd6d600000,0x000000fd6d700000)]
  0x000002637e448720 JavaThread "jar transforms Thread 3" [_thread_blocked, id=8780, stack(0x000000fd6d700000,0x000000fd6d800000)]
  0x000002637e44d820 JavaThread "jar transforms Thread 4" [_thread_blocked, id=24372, stack(0x000000fd6d800000,0x000000fd6d900000)]
  0x000002637e44bed0 JavaThread "Cache worker for kotlin-dsl (C:\Users\USER\.gradle\caches\8.3\kotlin-dsl)" [_thread_blocked, id=24060, stack(0x000000fd6d900000,0x000000fd6da00000)]
  0x000002637e448c30 JavaThread "Unconstrained build operations" [_thread_blocked, id=17852, stack(0x000000fd6da00000,0x000000fd6db00000)]
  0x000002637e44b4b0 JavaThread "Unconstrained build operations Thread 2" [_thread_blocked, id=6184, stack(0x000000fd6db00000,0x000000fd6dc00000)]
  0x000002637e449140 JavaThread "Cache worker for dependencies-accessors (C:\Users\USER\HSE-updated\android\.gradle\8.3\dependencies-accessors)" [_thread_blocked, id=15384, stack(0x000000fd6dd00000,0x000000fd6de00000)]
  0x000002637e44a070 JavaThread "Cache worker for Build Output Cleanup Cache (C:\Users\USER\HSE-updated\node_modules\@react-native\gradle-plugin\.gradle\buildOutputCleanup)" [_thread_blocked, id=24424, stack(0x000000fd6de00000,0x000000fd6df00000)]
  0x000002637e44b9c0 JavaThread "Unconstrained build operations Thread 3" [_thread_blocked, id=21556, stack(0x000000fd6dc00000,0x000000fd6dd00000)]
  0x000002637e44dd30 JavaThread "Unconstrained build operations Thread 4" [_thread_blocked, id=13048, stack(0x000000fd6df00000,0x000000fd6e000000)]
  0x000002637e4468c0 JavaThread "Unconstrained build operations Thread 5" [_thread_blocked, id=3388, stack(0x000000fd6e000000,0x000000fd6e100000)]
  0x000002637e44aa90 JavaThread "Memory manager" [_thread_blocked, id=14792, stack(0x000000fd6e100000,0x000000fd6e200000)]
  0x000002637e44e240 JavaThread "Cache worker for Build Output Cleanup Cache (C:\Users\USER\HSE-updated\android\.gradle\buildOutputCleanup)" [_thread_blocked, id=7244, stack(0x000000fd6e200000,0x000000fd6e300000)]
  0x000002637c233380 JavaThread "ForkJoinPool.commonPool-worker-1" daemon [_thread_blocked, id=23164, stack(0x000000fd6e400000,0x000000fd6e500000)]
  0x000002637c22e790 JavaThread "ForkJoinPool.commonPool-worker-2" daemon [_thread_blocked, id=7904, stack(0x000000fd6e500000,0x000000fd6e600000)]
  0x000002637c231f40 JavaThread "ForkJoinPool.commonPool-worker-3" daemon [_thread_blocked, id=5696, stack(0x000000fd6e600000,0x000000fd6e700000)]
  0x000002637c22fbd0 JavaThread "Exec process" [_thread_blocked, id=14364, stack(0x000000fd6e700000,0x000000fd6e800000)]
  0x000002637c231010 JavaThread "Exec process Thread 2" [_thread_blocked, id=8240, stack(0x000000fd6e800000,0x000000fd6e900000)]
  0x000002637c233890 JavaThread "Exec process Thread 3" [_thread_blocked, id=17120, stack(0x000000fd6e900000,0x000000fd6ea00000)]
  0x000002637c232e70 JavaThread "included builds" [_thread_blocked, id=956, stack(0x000000fd6ec00000,0x000000fd6ed00000)]
  0x000002637c231520 JavaThread "Execution worker" [_thread_blocked, id=24616, stack(0x000000fd6ed00000,0x000000fd6ee00000)]
  0x000002637c2347c0 JavaThread "Execution worker Thread 2" [_thread_blocked, id=16924, stack(0x000000fd6ee00000,0x000000fd6ef00000)]
  0x000002637c22f6c0 JavaThread "Execution worker Thread 3" [_thread_in_native, id=20192, stack(0x000000fd6ef00000,0x000000fd6f000000)]
  0x000002637c231a30 JavaThread "Cache worker for execution history cache (C:\Users\USER\HSE-updated\node_modules\@react-native\gradle-plugin\.gradle\8.3\executionHistory)" [_thread_blocked, id=12100, stack(0x000000fd6f000000,0x000000fd6f100000)]
  0x000002637c234cd0 JavaThread "Unconstrained build operations Thread 6" [_thread_blocked, id=5888, stack(0x000000fd6eb00000,0x000000fd6ec00000)]
  0x000002637c22e280 JavaThread "Unconstrained build operations Thread 7" [_thread_blocked, id=18528, stack(0x000000fd6f100000,0x000000fd6f200000)]
  0x000002637c233da0 JavaThread "Unconstrained build operations Thread 8" [_thread_in_native, id=25432, stack(0x000000fd6f200000,0x000000fd6f300000)]
  0x000002637c2342b0 JavaThread "Unconstrained build operations Thread 9" [_thread_blocked, id=10092, stack(0x000000fd6f300000,0x000000fd6f400000)]
  0x000002637c2351e0 JavaThread "Unconstrained build operations Thread 10" [_thread_blocked, id=14128, stack(0x000000fd6f400000,0x000000fd6f500000)]
  0x000002637c2356f0 JavaThread "Unconstrained build operations Thread 11" [_thread_blocked, id=14624, stack(0x000000fd6f500000,0x000000fd6f600000)]
  0x000002637c22eca0 JavaThread "Unconstrained build operations Thread 12" [_thread_blocked, id=22352, stack(0x000000fd6f600000,0x000000fd6f700000)]
  0x000002637c2305f0 JavaThread "Unconstrained build operations Thread 13" [_thread_blocked, id=15160, stack(0x000000fd6f700000,0x000000fd6f800000)]
  0x000002637d8ff730 JavaThread "Unconstrained build operations Thread 14" [_thread_blocked, id=6384, stack(0x000000fd6f800000,0x000000fd6f900000)]
  0x000002637dba1860 JavaThread "Unconstrained build operations Thread 15" [_thread_blocked, id=16864, stack(0x000000fd6f900000,0x000000fd6fa00000)]
  0x000002637dba5010 JavaThread "Unconstrained build operations Thread 16" [_thread_blocked, id=6172, stack(0x000000fd6fa00000,0x000000fd6fb00000)]
  0x000002637dba7da0 JavaThread "Unconstrained build operations Thread 17" [_thread_blocked, id=17164, stack(0x000000fd6fb00000,0x000000fd6fc00000)]
  0x000002637dba5a30 JavaThread "Unconstrained build operations Thread 18" [_thread_blocked, id=22072, stack(0x000000fd6fc00000,0x000000fd6fd00000)]
  0x000002637dba2280 JavaThread "Unconstrained build operations Thread 19" [_thread_blocked, id=3160, stack(0x000000fd6fd00000,0x000000fd6fe00000)]
  0x000002637dba3bd0 JavaThread "Unconstrained build operations Thread 20" [_thread_blocked, id=15288, stack(0x000000fd6fe00000,0x000000fd6ff00000)]
  0x000002637dba82b0 JavaThread "Unconstrained build operations Thread 21" [_thread_blocked, id=5280, stack(0x000000fd6ff00000,0x000000fd70000000)]
  0x000002637dba5520 JavaThread "Unconstrained build operations Thread 22" [_thread_blocked, id=18156, stack(0x000000fd70000000,0x000000fd70100000)]
  0x000002637dba6450 JavaThread "Unconstrained build operations Thread 23" [_thread_blocked, id=12112, stack(0x000000fd70100000,0x000000fd70200000)]
  0x000002637dba87c0 JavaThread "Unconstrained build operations Thread 24" [_thread_blocked, id=3116, stack(0x000000fd70200000,0x000000fd70300000)]
  0x000002637dba4b00 JavaThread "Unconstrained build operations Thread 25" [_thread_blocked, id=4240, stack(0x000000fd70300000,0x000000fd70400000)]
  0x000002637dba2ca0 JavaThread "Cache worker for execution history cache (C:\Users\USER\HSE-updated\android\.gradle\8.3\executionHistory)" [_thread_blocked, id=13704, stack(0x000000fd6a400000,0x000000fd6a500000)]
  0x000002637dba5f40 JavaThread "Unconstrained build operations Thread 26" [_thread_blocked, id=25468, stack(0x000000fd6a500000,0x000000fd6a600000)]
  0x000002637dba6960 JavaThread "Unconstrained build operations Thread 27" [_thread_blocked, id=8244, stack(0x000000fd6b700000,0x000000fd6b800000)]
  0x000002637dba31b0 JavaThread "Unconstrained build operations Thread 28" [_thread_blocked, id=8000, stack(0x000000fd70400000,0x000000fd70500000)]
  0x000002637dba7890 JavaThread "Unconstrained build operations Thread 29" [_thread_blocked, id=25384, stack(0x000000fd70500000,0x000000fd70600000)]
  0x000002637dba8cd0 JavaThread "Unconstrained build operations Thread 30" [_thread_blocked, id=2100, stack(0x000000fd70600000,0x000000fd70700000)]
  0x000002637dba91e0 JavaThread "Unconstrained build operations Thread 31" [_thread_blocked, id=22564, stack(0x000000fd70700000,0x000000fd70800000)]
  0x000002637cbe9040 JavaThread "Unconstrained build operations Thread 32" [_thread_blocked, id=18352, stack(0x000000fd70800000,0x000000fd70900000)]
  0x000002637cbeeb60 JavaThread "Unconstrained build operations Thread 33" [_thread_blocked, id=9948, stack(0x000000fd70900000,0x000000fd70a00000)]
  0x000002637cbec2e0 JavaThread "Unconstrained build operations Thread 34" [_thread_blocked, id=16644, stack(0x000000fd70a00000,0x000000fd70b00000)]
  0x000002637cbe8620 JavaThread "Unconstrained build operations Thread 35" [_thread_blocked, id=15488, stack(0x000000fd70b00000,0x000000fd70c00000)]
  0x000002637cbea990 JavaThread "Unconstrained build operations Thread 36" [_thread_blocked, id=984, stack(0x000000fd70c00000,0x000000fd70d00000)]
  0x000002637cbeaea0 JavaThread "Unconstrained build operations Thread 37" [_thread_blocked, id=10812, stack(0x000000fd70d00000,0x000000fd70e00000)]
  0x000002637cbec7f0 JavaThread "Unconstrained build operations Thread 38" [_thread_blocked, id=25548, stack(0x000000fd70e00000,0x000000fd70f00000)]
  0x000002637cbee650 JavaThread "Unconstrained build operations Thread 39" [_thread_blocked, id=15820, stack(0x000000fd70f00000,0x000000fd71000000)]
  0x000002637cbed210 JavaThread "Unconstrained build operations Thread 40" [_thread_blocked, id=9884, stack(0x000000fd71000000,0x000000fd71100000)]

Other Threads:
  0x0000026377f3d050 VMThread "VM Thread" [stack: 0x000000fd6ac00000,0x000000fd6ad00000] [id=3924]
  0x0000026358443e70 WatcherThread [stack: 0x000000fd6b900000,0x000000fd6ba00000] [id=24368]
  0x000002635849d640 GCTaskThread "GC Thread#0" [stack: 0x000000fd6a700000,0x000000fd6a800000] [id=21336]
  0x000002637c79d160 GCTaskThread "GC Thread#1" [stack: 0x000000fd6ba00000,0x000000fd6bb00000] [id=3464]
  0x000002637c30c4c0 GCTaskThread "GC Thread#2" [stack: 0x000000fd6bb00000,0x000000fd6bc00000] [id=5972]
  0x000002637cc9a0a0 GCTaskThread "GC Thread#3" [stack: 0x000000fd6bc00000,0x000000fd6bd00000] [id=24672]
  0x00000263584ae590 ConcurrentGCThread "G1 Main Marker" [stack: 0x000000fd6a800000,0x000000fd6a900000] [id=11068]
  0x00000263584affb0 ConcurrentGCThread "G1 Conc#0" [stack: 0x000000fd6a900000,0x000000fd6aa00000] [id=8948]
  0x0000026377df80f0 ConcurrentGCThread "G1 Refine#0" [stack: 0x000000fd6aa00000,0x000000fd6ab00000] [id=12076]
  0x000002637c56e070 ConcurrentGCThread "G1 Refine#1" [stack: 0x000000fd6d100000,0x000000fd6d200000] [id=24364]
  0x000002637d969760 ConcurrentGCThread "G1 Refine#2" [stack: 0x000000fd6d400000,0x000000fd6d500000] [id=22764]
  0x0000026377df8b20 ConcurrentGCThread "G1 Service" [stack: 0x000000fd6ab00000,0x000000fd6ac00000] [id=17580]

Threads with active compile tasks:
C2 CompilerThread0    65103 15258   !   4       org.gradle.cache.internal.DefaultMultiProcessSafeIndexedCache::getIfPresent (25 bytes)

VM state: not at safepoint (normal execution)

VM Mutex/Monitor currently owned by a thread: None

Heap address: 0x0000000080000000, size: 2048 MB, Compressed Oops mode: 32-bit

CDS archive(s) mapped at: [0x0000026300000000-0x0000026300bd0000-0x0000026300bd0000), size 12386304, SharedBaseAddress: 0x0000026300000000, ArchiveRelocationMode: 1.
Compressed class space mapped at: 0x0000026301000000-0x000002631b000000, reserved size: 436207616
Narrow klass base: 0x0000026300000000, Narrow klass shift: 0, Narrow klass range: 0x100000000

GC Precious Log:
 CPUs: 4 total, 4 available
 Memory: 7991M
 Large Page Support: Disabled
 NUMA Support: Disabled
 Compressed Oops: Enabled (32-bit)
 Heap Region Size: 1M
 Heap Min Capacity: 8M
 Heap Initial Capacity: 126M
 Heap Max Capacity: 2G
 Pre-touch: Disabled
 Parallel Workers: 4
 Concurrent Workers: 1
 Concurrent Refinement Workers: 4
 Periodic GC: Disabled

Heap:
 garbage-first heap   total 265216K, used 213408K [0x0000000080000000, 0x0000000100000000)
  region size 1024K, 38 young (38912K), 3 survivors (3072K)
 Metaspace       used 99555K, committed 100672K, reserved 557056K
  class space    used 13869K, committed 14400K, reserved 425984K

Heap Regions: E=young(eden), S=young(survivor), O=old, HS=humongous(starts), HC=humongous(continues), CS=collection set, F=free, OA=open archive, CA=closed archive, TAMS=top-at-mark-start (previous, next)
|   0|0x0000000080000000, 0x0000000080100000, 0x0000000080100000|100%| O|  |TAMS 0x0000000080100000, 0x0000000080000000| Untracked 
|   1|0x0000000080100000, 0x0000000080200000, 0x0000000080200000|100%| O|  |TAMS 0x0000000080200000, 0x0000000080100000| Untracked 
|   2|0x0000000080200000, 0x0000000080300000, 0x0000000080300000|100%|HS|  |TAMS 0x0000000080300000, 0x0000000080200000| Complete 
|   3|0x0000000080300000, 0x0000000080400000, 0x0000000080400000|100%|HC|  |TAMS 0x0000000080400000, 0x0000000080300000| Complete 
|   4|0x0000000080400000, 0x0000000080500000, 0x0000000080500000|100%|HC|  |TAMS 0x0000000080500000, 0x0000000080400000| Complete 
|   5|0x0000000080500000, 0x0000000080600000, 0x0000000080600000|100%|HC|  |TAMS 0x0000000080600000, 0x0000000080500000| Complete 
|   6|0x0000000080600000, 0x0000000080700000, 0x0000000080700000|100%| O|  |TAMS 0x0000000080700000, 0x0000000080600000| Untracked 
|   7|0x0000000080700000, 0x0000000080800000, 0x0000000080800000|100%| O|  |TAMS 0x0000000080800000, 0x0000000080700000| Untracked 
|   8|0x0000000080800000, 0x0000000080900000, 0x0000000080900000|100%| O|  |TAMS 0x0000000080900000, 0x0000000080800000| Untracked 
|   9|0x0000000080900000, 0x0000000080a00000, 0x0000000080a00000|100%| O|  |TAMS 0x0000000080a00000, 0x0000000080900000| Untracked 
|  10|0x0000000080a00000, 0x0000000080b00000, 0x0000000080b00000|100%| O|  |TAMS 0x0000000080b00000, 0x0000000080a00000| Untracked 
|  11|0x0000000080b00000, 0x0000000080c00000, 0x0000000080c00000|100%| O|  |TAMS 0x0000000080c00000, 0x0000000080b00000| Untracked 
|  12|0x0000000080c00000, 0x0000000080d00000, 0x0000000080d00000|100%| O|  |TAMS 0x0000000080d00000, 0x0000000080c00000| Untracked 
|  13|0x0000000080d00000, 0x0000000080e00000, 0x0000000080e00000|100%| O|  |TAMS 0x0000000080e00000, 0x0000000080d00000| Untracked 
|  14|0x0000000080e00000, 0x0000000080f00000, 0x0000000080f00000|100%| O|  |TAMS 0x0000000080f00000, 0x0000000080e00000| Untracked 
|  15|0x0000000080f00000, 0x0000000081000000, 0x0000000081000000|100%| O|  |TAMS 0x0000000081000000, 0x0000000080f00000| Untracked 
|  16|0x0000000081000000, 0x0000000081100000, 0x0000000081100000|100%| O|  |TAMS 0x0000000081100000, 0x0000000081000000| Untracked 
|  17|0x0000000081100000, 0x0000000081200000, 0x0000000081200000|100%| O|  |TAMS 0x0000000081200000, 0x0000000081100000| Untracked 
|  18|0x0000000081200000, 0x0000000081300000, 0x0000000081300000|100%| O|  |TAMS 0x0000000081300000, 0x0000000081200000| Untracked 
|  19|0x0000000081300000, 0x00000000813fa400, 0x0000000081400000| 97%| O|  |TAMS 0x00000000813fa400, 0x0000000081300000| Untracked 
|  20|0x0000000081400000, 0x0000000081500000, 0x0000000081500000|100%| O|  |TAMS 0x0000000081500000, 0x0000000081400000| Untracked 
|  21|0x0000000081500000, 0x0000000081600000, 0x0000000081600000|100%| O|  |TAMS 0x0000000081600000, 0x0000000081500000| Untracked 
|  22|0x0000000081600000, 0x0000000081700000, 0x0000000081700000|100%| O|  |TAMS 0x0000000081700000, 0x0000000081600000| Untracked 
|  23|0x0000000081700000, 0x0000000081800000, 0x0000000081800000|100%| O|  |TAMS 0x0000000081800000, 0x0000000081700000| Untracked 
|  24|0x0000000081800000, 0x0000000081900000, 0x0000000081900000|100%| O|  |TAMS 0x0000000081900000, 0x0000000081800000| Untracked 
|  25|0x0000000081900000, 0x0000000081a00000, 0x0000000081a00000|100%| O|  |TAMS 0x0000000081a00000, 0x0000000081900000| Untracked 
|  26|0x0000000081a00000, 0x0000000081b00000, 0x0000000081b00000|100%| O|  |TAMS 0x0000000081b00000, 0x0000000081a00000| Untracked 
|  27|0x0000000081b00000, 0x0000000081c00000, 0x0000000081c00000|100%| O|  |TAMS 0x0000000081c00000, 0x0000000081b00000| Untracked 
|  28|0x0000000081c00000, 0x0000000081d00000, 0x0000000081d00000|100%| O|  |TAMS 0x0000000081d00000, 0x0000000081c00000| Untracked 
|  29|0x0000000081d00000, 0x0000000081e00000, 0x0000000081e00000|100%| O|  |TAMS 0x0000000081e00000, 0x0000000081d00000| Untracked 
|  30|0x0000000081e00000, 0x0000000081f00000, 0x0000000081f00000|100%| O|  |TAMS 0x0000000081f00000, 0x0000000081e00000| Untracked 
|  31|0x0000000081f00000, 0x0000000082000000, 0x0000000082000000|100%| O|  |TAMS 0x0000000082000000, 0x0000000081f00000| Untracked 
|  32|0x0000000082000000, 0x0000000082100000, 0x0000000082100000|100%| O|  |TAMS 0x0000000082100000, 0x0000000082000000| Untracked 
|  33|0x0000000082100000, 0x0000000082200000, 0x0000000082200000|100%|HS|  |TAMS 0x0000000082200000, 0x0000000082100000| Complete 
|  34|0x0000000082200000, 0x0000000082300000, 0x0000000082300000|100%|HC|  |TAMS 0x0000000082300000, 0x0000000082200000| Complete 
|  35|0x0000000082300000, 0x0000000082400000, 0x0000000082400000|100%| O|  |TAMS 0x0000000082400000, 0x0000000082300000| Untracked 
|  36|0x0000000082400000, 0x0000000082500000, 0x0000000082500000|100%| O|  |TAMS 0x0000000082500000, 0x0000000082400000| Untracked 
|  37|0x0000000082500000, 0x0000000082600000, 0x0000000082600000|100%|HS|  |TAMS 0x0000000082600000, 0x0000000082500000| Complete 
|  38|0x0000000082600000, 0x0000000082700000, 0x0000000082700000|100%|HC|  |TAMS 0x0000000082700000, 0x0000000082600000| Complete 
|  39|0x0000000082700000, 0x0000000082800000, 0x0000000082800000|100%| O|  |TAMS 0x0000000082800000, 0x0000000082700000| Untracked 
|  40|0x0000000082800000, 0x0000000082900000, 0x0000000082900000|100%| O|  |TAMS 0x0000000082900000, 0x0000000082800000| Untracked 
|  41|0x0000000082900000, 0x0000000082a00000, 0x0000000082a00000|100%|HS|  |TAMS 0x0000000082a00000, 0x0000000082900000| Complete 
|  42|0x0000000082a00000, 0x0000000082b00000, 0x0000000082b00000|100%|HC|  |TAMS 0x0000000082b00000, 0x0000000082a00000| Complete 
|  43|0x0000000082b00000, 0x0000000082c00000, 0x0000000082c00000|100%|HC|  |TAMS 0x0000000082c00000, 0x0000000082b00000| Complete 
|  44|0x0000000082c00000, 0x0000000082d00000, 0x0000000082d00000|100%|HC|  |TAMS 0x0000000082d00000, 0x0000000082c00000| Complete 
|  45|0x0000000082d00000, 0x0000000082e00000, 0x0000000082e00000|100%| O|  |TAMS 0x0000000082e00000, 0x0000000082d00000| Untracked 
|  46|0x0000000082e00000, 0x0000000082f00000, 0x0000000082f00000|100%| O|  |TAMS 0x0000000082f00000, 0x0000000082e00000| Untracked 
|  47|0x0000000082f00000, 0x0000000083000000, 0x0000000083000000|100%| O|  |TAMS 0x0000000083000000, 0x0000000082f00000| Untracked 
|  48|0x0000000083000000, 0x0000000083100000, 0x0000000083100000|100%| O|  |TAMS 0x0000000083100000, 0x0000000083000000| Untracked 
|  49|0x0000000083100000, 0x0000000083200000, 0x0000000083200000|100%| O|  |TAMS 0x0000000083200000, 0x0000000083100000| Untracked 
|  50|0x0000000083200000, 0x0000000083300000, 0x0000000083300000|100%|HS|  |TAMS 0x0000000083300000, 0x0000000083200000| Complete 
|  51|0x0000000083300000, 0x0000000083400000, 0x0000000083400000|100%|HC|  |TAMS 0x0000000083400000, 0x0000000083300000| Complete 
|  52|0x0000000083400000, 0x0000000083500000, 0x0000000083500000|100%|HC|  |TAMS 0x0000000083500000, 0x0000000083400000| Complete 
|  53|0x0000000083500000, 0x0000000083600000, 0x0000000083600000|100%|HC|  |TAMS 0x0000000083600000, 0x0000000083500000| Complete 
|  54|0x0000000083600000, 0x0000000083700000, 0x0000000083700000|100%| O|  |TAMS 0x0000000083700000, 0x0000000083600000| Untracked 
|  55|0x0000000083700000, 0x0000000083800000, 0x0000000083800000|100%| O|  |TAMS 0x0000000083800000, 0x0000000083700000| Untracked 
|  56|0x0000000083800000, 0x0000000083900000, 0x0000000083900000|100%| O|  |TAMS 0x0000000083900000, 0x0000000083800000| Untracked 
|  57|0x0000000083900000, 0x0000000083a00000, 0x0000000083a00000|100%| O|  |TAMS 0x0000000083a00000, 0x0000000083900000| Untracked 
|  58|0x0000000083a00000, 0x0000000083b00000, 0x0000000083b00000|100%| O|  |TAMS 0x0000000083b00000, 0x0000000083a00000| Untracked 
|  59|0x0000000083b00000, 0x0000000083c00000, 0x0000000083c00000|100%| O|  |TAMS 0x0000000083c00000, 0x0000000083b00000| Untracked 
|  60|0x0000000083c00000, 0x0000000083d00000, 0x0000000083d00000|100%| O|  |TAMS 0x0000000083d00000, 0x0000000083c00000| Untracked 
|  61|0x0000000083d00000, 0x0000000083e00000, 0x0000000083e00000|100%| O|  |TAMS 0x0000000083e00000, 0x0000000083d00000| Untracked 
|  62|0x0000000083e00000, 0x0000000083f00000, 0x0000000083f00000|100%| O|  |TAMS 0x0000000083f00000, 0x0000000083e00000| Untracked 
|  63|0x0000000083f00000, 0x0000000084000000, 0x0000000084000000|100%| O|  |TAMS 0x0000000084000000, 0x0000000083f00000| Untracked 
|  64|0x0000000084000000, 0x0000000084100000, 0x0000000084100000|100%|HS|  |TAMS 0x0000000084100000, 0x0000000084000000| Complete 
|  65|0x0000000084100000, 0x0000000084200000, 0x0000000084200000|100%|HS|  |TAMS 0x0000000084200000, 0x0000000084100000| Complete 
|  66|0x0000000084200000, 0x0000000084300000, 0x0000000084300000|100%|HS|  |TAMS 0x0000000084300000, 0x0000000084200000| Complete 
|  67|0x0000000084300000, 0x0000000084400000, 0x0000000084400000|100%| O|  |TAMS 0x0000000084400000, 0x0000000084300000| Untracked 
|  68|0x0000000084400000, 0x0000000084500000, 0x0000000084500000|100%|HS|  |TAMS 0x0000000084500000, 0x0000000084400000| Complete 
|  69|0x0000000084500000, 0x0000000084600000, 0x0000000084600000|100%| O|  |TAMS 0x0000000084600000, 0x0000000084500000| Untracked 
|  70|0x0000000084600000, 0x0000000084700000, 0x0000000084700000|100%| O|  |TAMS 0x0000000084700000, 0x0000000084600000| Untracked 
|  71|0x0000000084700000, 0x0000000084800000, 0x0000000084800000|100%| O|  |TAMS 0x0000000084800000, 0x0000000084700000| Untracked 
|  72|0x0000000084800000, 0x0000000084900000, 0x0000000084900000|100%| O|  |TAMS 0x0000000084900000, 0x0000000084800000| Untracked 
|  73|0x0000000084900000, 0x0000000084a00000, 0x0000000084a00000|100%| O|  |TAMS 0x0000000084a00000, 0x0000000084900000| Untracked 
|  74|0x0000000084a00000, 0x0000000084b00000, 0x0000000084b00000|100%| O|  |TAMS 0x0000000084b00000, 0x0000000084a00000| Untracked 
|  75|0x0000000084b00000, 0x0000000084c00000, 0x0000000084c00000|100%| O|  |TAMS 0x0000000084c00000, 0x0000000084b00000| Untracked 
|  76|0x0000000084c00000, 0x0000000084d00000, 0x0000000084d00000|100%| O|  |TAMS 0x0000000084d00000, 0x0000000084c00000| Untracked 
|  77|0x0000000084d00000, 0x0000000084e00000, 0x0000000084e00000|100%| O|  |TAMS 0x0000000084e00000, 0x0000000084d00000| Untracked 
|  78|0x0000000084e00000, 0x0000000084f00000, 0x0000000084f00000|100%| O|  |TAMS 0x0000000084f00000, 0x0000000084e00000| Untracked 
|  79|0x0000000084f00000, 0x0000000085000000, 0x0000000085000000|100%| O|  |TAMS 0x0000000085000000, 0x0000000084f00000| Untracked 
|  80|0x0000000085000000, 0x0000000085100000, 0x0000000085100000|100%| O|  |TAMS 0x0000000085100000, 0x0000000085000000| Untracked 
|  81|0x0000000085100000, 0x0000000085200000, 0x0000000085200000|100%| O|  |TAMS 0x0000000085200000, 0x0000000085100000| Untracked 
|  82|0x0000000085200000, 0x0000000085300000, 0x0000000085300000|100%| O|  |TAMS 0x0000000085300000, 0x0000000085200000| Untracked 
|  83|0x0000000085300000, 0x0000000085400000, 0x0000000085400000|100%| O|  |TAMS 0x0000000085400000, 0x0000000085300000| Untracked 
|  84|0x0000000085400000, 0x0000000085500000, 0x0000000085500000|100%| O|  |TAMS 0x0000000085500000, 0x0000000085400000| Untracked 
|  85|0x0000000085500000, 0x0000000085600000, 0x0000000085600000|100%| O|  |TAMS 0x0000000085600000, 0x0000000085500000| Untracked 
|  86|0x0000000085600000, 0x0000000085700000, 0x0000000085700000|100%| O|  |TAMS 0x0000000085700000, 0x0000000085600000| Untracked 
|  87|0x0000000085700000, 0x0000000085800000, 0x0000000085800000|100%| O|  |TAMS 0x0000000085800000, 0x0000000085700000| Untracked 
|  88|0x0000000085800000, 0x0000000085900000, 0x0000000085900000|100%| O|  |TAMS 0x0000000085900000, 0x0000000085800000| Untracked 
|  89|0x0000000085900000, 0x0000000085a00000, 0x0000000085a00000|100%| O|  |TAMS 0x0000000085a00000, 0x0000000085900000| Untracked 
|  90|0x0000000085a00000, 0x0000000085b00000, 0x0000000085b00000|100%| O|  |TAMS 0x0000000085b00000, 0x0000000085a00000| Untracked 
|  91|0x0000000085b00000, 0x0000000085c00000, 0x0000000085c00000|100%| O|  |TAMS 0x0000000085c00000, 0x0000000085b00000| Untracked 
|  92|0x0000000085c00000, 0x0000000085d00000, 0x0000000085d00000|100%| O|  |TAMS 0x0000000085d00000, 0x0000000085c00000| Untracked 
|  93|0x0000000085d00000, 0x0000000085e00000, 0x0000000085e00000|100%| O|  |TAMS 0x0000000085e00000, 0x0000000085d00000| Untracked 
|  94|0x0000000085e00000, 0x0000000085f00000, 0x0000000085f00000|100%| O|  |TAMS 0x0000000085f00000, 0x0000000085e00000| Untracked 
|  95|0x0000000085f00000, 0x0000000086000000, 0x0000000086000000|100%|HS|  |TAMS 0x0000000086000000, 0x0000000085f00000| Complete 
|  96|0x0000000086000000, 0x0000000086100000, 0x0000000086100000|100%|HS|  |TAMS 0x0000000086100000, 0x0000000086000000| Complete 
|  97|0x0000000086100000, 0x0000000086200000, 0x0000000086200000|100%| O|  |TAMS 0x0000000086200000, 0x0000000086100000| Untracked 
|  98|0x0000000086200000, 0x0000000086300000, 0x0000000086300000|100%| O|  |TAMS 0x0000000086300000, 0x0000000086200000| Untracked 
|  99|0x0000000086300000, 0x0000000086400000, 0x0000000086400000|100%| O|  |TAMS 0x0000000086400000, 0x0000000086300000| Untracked 
| 100|0x0000000086400000, 0x0000000086500000, 0x0000000086500000|100%| O|  |TAMS 0x0000000086500000, 0x0000000086400000| Untracked 
| 101|0x0000000086500000, 0x0000000086600000, 0x0000000086600000|100%| O|  |TAMS 0x0000000086600000, 0x0000000086500000| Untracked 
| 102|0x0000000086600000, 0x0000000086700000, 0x0000000086700000|100%| O|  |TAMS 0x0000000086700000, 0x0000000086600000| Untracked 
| 103|0x0000000086700000, 0x0000000086800000, 0x0000000086800000|100%| O|  |TAMS 0x0000000086700000, 0x0000000086700000| Untracked 
| 104|0x0000000086800000, 0x0000000086900000, 0x0000000086900000|100%|HS|  |TAMS 0x0000000086900000, 0x0000000086800000| Complete 
| 105|0x0000000086900000, 0x0000000086a00000, 0x0000000086a00000|100%|HC|  |TAMS 0x0000000086a00000, 0x0000000086900000| Complete 
| 106|0x0000000086a00000, 0x0000000086b00000, 0x0000000086b00000|100%| O|  |TAMS 0x0000000086b00000, 0x0000000086a00000| Untracked 
| 107|0x0000000086b00000, 0x0000000086c00000, 0x0000000086c00000|100%| O|  |TAMS 0x0000000086c00000, 0x0000000086b00000| Untracked 
| 108|0x0000000086c00000, 0x0000000086d00000, 0x0000000086d00000|100%| O|  |TAMS 0x0000000086d00000, 0x0000000086c00000| Untracked 
| 109|0x0000000086d00000, 0x0000000086e00000, 0x0000000086e00000|100%| O|  |TAMS 0x0000000086e00000, 0x0000000086d00000| Untracked 
| 110|0x0000000086e00000, 0x0000000086f00000, 0x0000000086f00000|100%| O|  |TAMS 0x0000000086f00000, 0x0000000086e00000| Untracked 
| 111|0x0000000086f00000, 0x0000000087000000, 0x0000000087000000|100%| O|  |TAMS 0x0000000087000000, 0x0000000086f00000| Untracked 
| 112|0x0000000087000000, 0x0000000087100000, 0x0000000087100000|100%| O|  |TAMS 0x0000000087000000, 0x0000000087000000| Untracked 
| 113|0x0000000087100000, 0x0000000087200000, 0x0000000087200000|100%| O|  |TAMS 0x0000000087100000, 0x0000000087100000| Untracked 
| 114|0x0000000087200000, 0x0000000087300000, 0x0000000087300000|100%| O|  |TAMS 0x0000000087200000, 0x0000000087200000| Untracked 
| 115|0x0000000087300000, 0x0000000087400000, 0x0000000087400000|100%| O|  |TAMS 0x0000000087300000, 0x0000000087300000| Untracked 
| 116|0x0000000087400000, 0x0000000087500000, 0x0000000087500000|100%| O|  |TAMS 0x0000000087400000, 0x0000000087400000| Untracked 
| 117|0x0000000087500000, 0x0000000087600000, 0x0000000087600000|100%|HS|  |TAMS 0x0000000087500000, 0x0000000087500000| Complete 
| 118|0x0000000087600000, 0x0000000087700000, 0x0000000087700000|100%|HS|  |TAMS 0x0000000087600000, 0x0000000087600000| Complete 
| 119|0x0000000087700000, 0x0000000087800000, 0x0000000087800000|100%| O|  |TAMS 0x0000000087700000, 0x0000000087700000| Untracked 
| 120|0x0000000087800000, 0x0000000087900000, 0x0000000087900000|100%| O|  |TAMS 0x0000000087800000, 0x0000000087800000| Untracked 
| 121|0x0000000087900000, 0x0000000087a00000, 0x0000000087a00000|100%|HS|  |TAMS 0x0000000087900000, 0x0000000087900000| Complete 
| 122|0x0000000087a00000, 0x0000000087b00000, 0x0000000087b00000|100%|HS|  |TAMS 0x0000000087a00000, 0x0000000087a00000| Complete 
| 123|0x0000000087b00000, 0x0000000087c00000, 0x0000000087c00000|100%|HS|  |TAMS 0x0000000087b00000, 0x0000000087b00000| Complete 
| 124|0x0000000087c00000, 0x0000000087d00000, 0x0000000087d00000|100%| O|  |TAMS 0x0000000087c00000, 0x0000000087c00000| Untracked 
| 125|0x0000000087d00000, 0x0000000087e00000, 0x0000000087e00000|100%| O|  |TAMS 0x0000000087d00000, 0x0000000087d00000| Untracked 
| 126|0x0000000087e00000, 0x0000000087f00000, 0x0000000087f00000|100%| O|  |TAMS 0x0000000087e00000, 0x0000000087e00000| Untracked 
| 127|0x0000000087f00000, 0x0000000088000000, 0x0000000088000000|100%| O|  |TAMS 0x0000000087f00000, 0x0000000087f00000| Untracked 
| 128|0x0000000088000000, 0x0000000088100000, 0x0000000088100000|100%| O|  |TAMS 0x0000000088000000, 0x0000000088000000| Untracked 
| 129|0x0000000088100000, 0x0000000088200000, 0x0000000088200000|100%| O|  |TAMS 0x0000000088100000, 0x0000000088100000| Untracked 
| 130|0x0000000088200000, 0x0000000088300000, 0x0000000088300000|100%| O|  |TAMS 0x0000000088200000, 0x0000000088200000| Untracked 
| 131|0x0000000088300000, 0x0000000088400000, 0x0000000088400000|100%| O|  |TAMS 0x0000000088300000, 0x0000000088300000| Untracked 
| 132|0x0000000088400000, 0x0000000088500000, 0x0000000088500000|100%| O|  |TAMS 0x0000000088400000, 0x0000000088400000| Untracked 
| 133|0x0000000088500000, 0x0000000088600000, 0x0000000088600000|100%| O|  |TAMS 0x0000000088500000, 0x0000000088500000| Untracked 
| 134|0x0000000088600000, 0x0000000088700000, 0x0000000088700000|100%| O|  |TAMS 0x0000000088600000, 0x0000000088600000| Untracked 
| 135|0x0000000088700000, 0x0000000088800000, 0x0000000088800000|100%| O|  |TAMS 0x0000000088700000, 0x0000000088700000| Untracked 
| 136|0x0000000088800000, 0x0000000088900000, 0x0000000088900000|100%| O|  |TAMS 0x0000000088800000, 0x0000000088800000| Untracked 
| 137|0x0000000088900000, 0x0000000088a00000, 0x0000000088a00000|100%| O|  |TAMS 0x0000000088900000, 0x0000000088900000| Untracked 
| 138|0x0000000088a00000, 0x0000000088b00000, 0x0000000088b00000|100%| O|  |TAMS 0x0000000088a00000, 0x0000000088a00000| Untracked 
| 139|0x0000000088b00000, 0x0000000088c00000, 0x0000000088c00000|100%| O|  |TAMS 0x0000000088b00000, 0x0000000088b00000| Untracked 
| 140|0x0000000088c00000, 0x0000000088d00000, 0x0000000088d00000|100%| O|  |TAMS 0x0000000088c00000, 0x0000000088c00000| Untracked 
| 141|0x0000000088d00000, 0x0000000088e00000, 0x0000000088e00000|100%| O|  |TAMS 0x0000000088d00000, 0x0000000088d00000| Untracked 
| 142|0x0000000088e00000, 0x0000000088f00000, 0x0000000088f00000|100%| O|  |TAMS 0x0000000088e00000, 0x0000000088e00000| Untracked 
| 143|0x0000000088f00000, 0x0000000089000000, 0x0000000089000000|100%| O|  |TAMS 0x0000000088f00000, 0x0000000088f00000| Untracked 
| 144|0x0000000089000000, 0x0000000089100000, 0x0000000089100000|100%| O|  |TAMS 0x0000000089000000, 0x0000000089000000| Untracked 
| 145|0x0000000089100000, 0x0000000089200000, 0x0000000089200000|100%| O|  |TAMS 0x0000000089100000, 0x0000000089100000| Untracked 
| 146|0x0000000089200000, 0x0000000089300000, 0x0000000089300000|100%| O|  |TAMS 0x0000000089200000, 0x0000000089200000| Untracked 
| 147|0x0000000089300000, 0x0000000089400000, 0x0000000089400000|100%| O|  |TAMS 0x0000000089300000, 0x0000000089300000| Untracked 
| 148|0x0000000089400000, 0x0000000089500000, 0x0000000089500000|100%| O|  |TAMS 0x0000000089400000, 0x0000000089400000| Untracked 
| 149|0x0000000089500000, 0x0000000089600000, 0x0000000089600000|100%| O|  |TAMS 0x0000000089500000, 0x0000000089500000| Untracked 
| 150|0x0000000089600000, 0x0000000089700000, 0x0000000089700000|100%| O|  |TAMS 0x0000000089600000, 0x0000000089600000| Untracked 
| 151|0x0000000089700000, 0x0000000089800000, 0x0000000089800000|100%| O|  |TAMS 0x0000000089700000, 0x0000000089700000| Untracked 
| 152|0x0000000089800000, 0x0000000089900000, 0x0000000089900000|100%| O|  |TAMS 0x0000000089800000, 0x0000000089800000| Untracked 
| 153|0x0000000089900000, 0x0000000089a00000, 0x0000000089a00000|100%| O|  |TAMS 0x0000000089900000, 0x0000000089900000| Untracked 
| 154|0x0000000089a00000, 0x0000000089b00000, 0x0000000089b00000|100%| O|  |TAMS 0x0000000089a00000, 0x0000000089a00000| Untracked 
| 155|0x0000000089b00000, 0x0000000089c00000, 0x0000000089c00000|100%| O|  |TAMS 0x0000000089b00000, 0x0000000089b00000| Untracked 
| 156|0x0000000089c00000, 0x0000000089d00000, 0x0000000089d00000|100%| O|  |TAMS 0x0000000089c00000, 0x0000000089c00000| Untracked 
| 157|0x0000000089d00000, 0x0000000089e00000, 0x0000000089e00000|100%| O|  |TAMS 0x0000000089d00000, 0x0000000089d00000| Untracked 
| 158|0x0000000089e00000, 0x0000000089f00000, 0x0000000089f00000|100%| O|  |TAMS 0x0000000089e00000, 0x0000000089e00000| Untracked 
| 159|0x0000000089f00000, 0x000000008a000000, 0x000000008a000000|100%| O|  |TAMS 0x0000000089f00000, 0x0000000089f00000| Untracked 
| 160|0x000000008a000000, 0x000000008a100000, 0x000000008a100000|100%| O|  |TAMS 0x000000008a000000, 0x000000008a000000| Untracked 
| 161|0x000000008a100000, 0x000000008a200000, 0x000000008a200000|100%| O|  |TAMS 0x000000008a100000, 0x000000008a100000| Untracked 
| 162|0x000000008a200000, 0x000000008a300000, 0x000000008a300000|100%| O|  |TAMS 0x000000008a200000, 0x000000008a200000| Untracked 
| 163|0x000000008a300000, 0x000000008a400000, 0x000000008a400000|100%| O|  |TAMS 0x000000008a300000, 0x000000008a300000| Untracked 
| 164|0x000000008a400000, 0x000000008a500000, 0x000000008a500000|100%| O|  |TAMS 0x000000008a400000, 0x000000008a400000| Untracked 
| 165|0x000000008a500000, 0x000000008a600000, 0x000000008a600000|100%| O|  |TAMS 0x000000008a500000, 0x000000008a500000| Untracked 
| 166|0x000000008a600000, 0x000000008a700000, 0x000000008a700000|100%| O|  |TAMS 0x000000008a600000, 0x000000008a600000| Untracked 
| 167|0x000000008a700000, 0x000000008a800000, 0x000000008a800000|100%| O|  |TAMS 0x000000008a700000, 0x000000008a700000| Untracked 
| 168|0x000000008a800000, 0x000000008a8cc200, 0x000000008a900000| 79%| O|  |TAMS 0x000000008a800000, 0x000000008a800000| Untracked 
| 169|0x000000008a900000, 0x000000008aa00000, 0x000000008aa00000|100%|HS|  |TAMS 0x000000008a900000, 0x000000008a900000| Complete 
| 170|0x000000008aa00000, 0x000000008ab00000, 0x000000008ab00000|100%|HC|  |TAMS 0x000000008aa00000, 0x000000008aa00000| Complete 
| 171|0x000000008ab00000, 0x000000008ac00000, 0x000000008ac00000|100%|HS|  |TAMS 0x000000008ab00000, 0x000000008ab00000| Complete 
| 172|0x000000008ac00000, 0x000000008ad00000, 0x000000008ad00000|100%|HC|  |TAMS 0x000000008ac00000, 0x000000008ac00000| Complete 
| 173|0x000000008ad00000, 0x000000008ad00000, 0x000000008ae00000|  0%| F|  |TAMS 0x000000008ad00000, 0x000000008ad00000| Untracked 
| 174|0x000000008ae00000, 0x000000008ae00000, 0x000000008af00000|  0%| F|  |TAMS 0x000000008ae00000, 0x000000008ae00000| Untracked 
| 175|0x000000008af00000, 0x000000008af00000, 0x000000008b000000|  0%| F|  |TAMS 0x000000008af00000, 0x000000008af00000| Untracked 
| 176|0x000000008b000000, 0x000000008b000000, 0x000000008b100000|  0%| F|  |TAMS 0x000000008b000000, 0x000000008b000000| Untracked 
| 177|0x000000008b100000, 0x000000008b100000, 0x000000008b200000|  0%| F|  |TAMS 0x000000008b100000, 0x000000008b100000| Untracked 
| 178|0x000000008b200000, 0x000000008b200000, 0x000000008b300000|  0%| F|  |TAMS 0x000000008b200000, 0x000000008b200000| Untracked 
| 179|0x000000008b300000, 0x000000008b300000, 0x000000008b400000|  0%| F|  |TAMS 0x000000008b300000, 0x000000008b300000| Untracked 
| 180|0x000000008b400000, 0x000000008b400000, 0x000000008b500000|  0%| F|  |TAMS 0x000000008b400000, 0x000000008b400000| Untracked 
| 181|0x000000008b500000, 0x000000008b500000, 0x000000008b600000|  0%| F|  |TAMS 0x000000008b500000, 0x000000008b500000| Untracked 
| 182|0x000000008b600000, 0x000000008b600000, 0x000000008b700000|  0%| F|  |TAMS 0x000000008b600000, 0x000000008b600000| Untracked 
| 183|0x000000008b700000, 0x000000008b700000, 0x000000008b800000|  0%| F|  |TAMS 0x000000008b700000, 0x000000008b700000| Untracked 
| 184|0x000000008b800000, 0x000000008b800000, 0x000000008b900000|  0%| F|  |TAMS 0x000000008b800000, 0x000000008b800000| Untracked 
| 185|0x000000008b900000, 0x000000008b900000, 0x000000008ba00000|  0%| F|  |TAMS 0x000000008b900000, 0x000000008b900000| Untracked 
| 186|0x000000008ba00000, 0x000000008ba00000, 0x000000008bb00000|  0%| F|  |TAMS 0x000000008ba00000, 0x000000008ba00000| Untracked 
| 187|0x000000008bb00000, 0x000000008bb00000, 0x000000008bc00000|  0%| F|  |TAMS 0x000000008bb00000, 0x000000008bb00000| Untracked 
| 188|0x000000008bc00000, 0x000000008bc00000, 0x000000008bd00000|  0%| F|  |TAMS 0x000000008bc00000, 0x000000008bc00000| Untracked 
| 189|0x000000008bd00000, 0x000000008bd00000, 0x000000008be00000|  0%| F|  |TAMS 0x000000008bd00000, 0x000000008bd00000| Untracked 
| 190|0x000000008be00000, 0x000000008be00000, 0x000000008bf00000|  0%| F|  |TAMS 0x000000008be00000, 0x000000008be00000| Untracked 
| 191|0x000000008bf00000, 0x000000008bf00000, 0x000000008c000000|  0%| F|  |TAMS 0x000000008bf00000, 0x000000008bf00000| Untracked 
| 192|0x000000008c000000, 0x000000008c000000, 0x000000008c100000|  0%| F|  |TAMS 0x000000008c000000, 0x000000008c000000| Untracked 
| 193|0x000000008c100000, 0x000000008c100000, 0x000000008c200000|  0%| F|  |TAMS 0x000000008c100000, 0x000000008c100000| Untracked 
| 194|0x000000008c200000, 0x000000008c200000, 0x000000008c300000|  0%| F|  |TAMS 0x000000008c200000, 0x000000008c200000| Untracked 
| 195|0x000000008c300000, 0x000000008c300000, 0x000000008c400000|  0%| F|  |TAMS 0x000000008c300000, 0x000000008c300000| Untracked 
| 196|0x000000008c400000, 0x000000008c400000, 0x000000008c500000|  0%| F|  |TAMS 0x000000008c400000, 0x000000008c400000| Untracked 
| 197|0x000000008c500000, 0x000000008c500000, 0x000000008c600000|  0%| F|  |TAMS 0x000000008c500000, 0x000000008c500000| Untracked 
| 198|0x000000008c600000, 0x000000008c600000, 0x000000008c700000|  0%| F|  |TAMS 0x000000008c600000, 0x000000008c600000| Untracked 
| 199|0x000000008c700000, 0x000000008c700000, 0x000000008c800000|  0%| F|  |TAMS 0x000000008c700000, 0x000000008c700000| Untracked 
| 200|0x000000008c800000, 0x000000008c800000, 0x000000008c900000|  0%| F|  |TAMS 0x000000008c800000, 0x000000008c800000| Untracked 
| 201|0x000000008c900000, 0x000000008c900000, 0x000000008ca00000|  0%| F|  |TAMS 0x000000008c900000, 0x000000008c900000| Untracked 
| 202|0x000000008ca00000, 0x000000008ca00000, 0x000000008cb00000|  0%| F|  |TAMS 0x000000008ca00000, 0x000000008ca00000| Untracked 
| 203|0x000000008cb00000, 0x000000008cb00000, 0x000000008cc00000|  0%| F|  |TAMS 0x000000008cb00000, 0x000000008cb00000| Untracked 
| 204|0x000000008cc00000, 0x000000008cc00000, 0x000000008cd00000|  0%| F|  |TAMS 0x000000008cc00000, 0x000000008cc00000| Untracked 
| 205|0x000000008cd00000, 0x000000008cd00000, 0x000000008ce00000|  0%| F|  |TAMS 0x000000008cd00000, 0x000000008cd00000| Untracked 
| 206|0x000000008ce00000, 0x000000008ce00000, 0x000000008cf00000|  0%| F|  |TAMS 0x000000008ce00000, 0x000000008ce00000| Untracked 
| 207|0x000000008cf00000, 0x000000008cf00000, 0x000000008d000000|  0%| F|  |TAMS 0x000000008cf00000, 0x000000008cf00000| Untracked 
| 208|0x000000008d000000, 0x000000008d000000, 0x000000008d100000|  0%| F|  |TAMS 0x000000008d000000, 0x000000008d000000| Untracked 
| 209|0x000000008d100000, 0x000000008d100000, 0x000000008d200000|  0%| F|  |TAMS 0x000000008d100000, 0x000000008d100000| Untracked 
| 210|0x000000008d200000, 0x000000008d2a1b80, 0x000000008d300000| 63%| S|CS|TAMS 0x000000008d200000, 0x000000008d200000| Complete 
| 211|0x000000008d300000, 0x000000008d400000, 0x000000008d400000|100%| S|CS|TAMS 0x000000008d300000, 0x000000008d300000| Complete 
| 212|0x000000008d400000, 0x000000008d500000, 0x000000008d500000|100%| S|CS|TAMS 0x000000008d400000, 0x000000008d400000| Complete 
| 213|0x000000008d500000, 0x000000008d500000, 0x000000008d600000|  0%| F|  |TAMS 0x000000008d500000, 0x000000008d500000| Untracked 
| 214|0x000000008d600000, 0x000000008d600000, 0x000000008d700000|  0%| F|  |TAMS 0x000000008d600000, 0x000000008d600000| Untracked 
| 215|0x000000008d700000, 0x000000008d700000, 0x000000008d800000|  0%| F|  |TAMS 0x000000008d700000, 0x000000008d700000| Untracked 
| 216|0x000000008d800000, 0x000000008d800000, 0x000000008d900000|  0%| F|  |TAMS 0x000000008d800000, 0x000000008d800000| Untracked 
| 217|0x000000008d900000, 0x000000008d900000, 0x000000008da00000|  0%| F|  |TAMS 0x000000008d900000, 0x000000008d900000| Untracked 
| 218|0x000000008da00000, 0x000000008da00000, 0x000000008db00000|  0%| F|  |TAMS 0x000000008da00000, 0x000000008da00000| Untracked 
| 219|0x000000008db00000, 0x000000008db00000, 0x000000008dc00000|  0%| F|  |TAMS 0x000000008db00000, 0x000000008db00000| Untracked 
| 220|0x000000008dc00000, 0x000000008dc00000, 0x000000008dd00000|  0%| F|  |TAMS 0x000000008dc00000, 0x000000008dc00000| Untracked 
| 221|0x000000008dd00000, 0x000000008dd00000, 0x000000008de00000|  0%| F|  |TAMS 0x000000008dd00000, 0x000000008dd00000| Untracked 
| 222|0x000000008de00000, 0x000000008de00000, 0x000000008df00000|  0%| F|  |TAMS 0x000000008de00000, 0x000000008de00000| Untracked 
| 223|0x000000008df00000, 0x000000008df3fe18, 0x000000008e000000| 24%| E|  |TAMS 0x000000008df00000, 0x000000008df00000| Complete 
| 224|0x000000008e000000, 0x000000008e100000, 0x000000008e100000|100%| E|  |TAMS 0x000000008e000000, 0x000000008e000000| Complete 
| 225|0x000000008e100000, 0x000000008e200000, 0x000000008e200000|100%| E|CS|TAMS 0x000000008e100000, 0x000000008e100000| Complete 
| 226|0x000000008e200000, 0x000000008e300000, 0x000000008e300000|100%| E|CS|TAMS 0x000000008e200000, 0x000000008e200000| Complete 
| 227|0x000000008e300000, 0x000000008e400000, 0x000000008e400000|100%| E|CS|TAMS 0x000000008e300000, 0x000000008e300000| Complete 
| 228|0x000000008e400000, 0x000000008e500000, 0x000000008e500000|100%| E|CS|TAMS 0x000000008e400000, 0x000000008e400000| Complete 
| 229|0x000000008e500000, 0x000000008e600000, 0x000000008e600000|100%| E|CS|TAMS 0x000000008e500000, 0x000000008e500000| Complete 
| 230|0x000000008e600000, 0x000000008e700000, 0x000000008e700000|100%| E|CS|TAMS 0x000000008e600000, 0x000000008e600000| Complete 
| 231|0x000000008e700000, 0x000000008e800000, 0x000000008e800000|100%| E|CS|TAMS 0x000000008e700000, 0x000000008e700000| Complete 
| 232|0x000000008e800000, 0x000000008e900000, 0x000000008e900000|100%| E|CS|TAMS 0x000000008e800000, 0x000000008e800000| Complete 
| 233|0x000000008e900000, 0x000000008ea00000, 0x000000008ea00000|100%| E|CS|TAMS 0x000000008e900000, 0x000000008e900000| Complete 
| 234|0x000000008ea00000, 0x000000008eb00000, 0x000000008eb00000|100%| E|CS|TAMS 0x000000008ea00000, 0x000000008ea00000| Complete 
| 235|0x000000008eb00000, 0x000000008ec00000, 0x000000008ec00000|100%| E|CS|TAMS 0x000000008eb00000, 0x000000008eb00000| Complete 
| 236|0x000000008ec00000, 0x000000008ed00000, 0x000000008ed00000|100%| E|CS|TAMS 0x000000008ec00000, 0x000000008ec00000| Complete 
| 237|0x000000008ed00000, 0x000000008ee00000, 0x000000008ee00000|100%| E|CS|TAMS 0x000000008ed00000, 0x000000008ed00000| Complete 
| 238|0x000000008ee00000, 0x000000008ef00000, 0x000000008ef00000|100%| E|CS|TAMS 0x000000008ee00000, 0x000000008ee00000| Complete 
| 239|0x000000008ef00000, 0x000000008f000000, 0x000000008f000000|100%| E|CS|TAMS 0x000000008ef00000, 0x000000008ef00000| Complete 
| 240|0x000000008f000000, 0x000000008f100000, 0x000000008f100000|100%| E|CS|TAMS 0x000000008f000000, 0x000000008f000000| Complete 
| 241|0x000000008f100000, 0x000000008f200000, 0x000000008f200000|100%| E|CS|TAMS 0x000000008f100000, 0x000000008f100000| Complete 
| 242|0x000000008f200000, 0x000000008f300000, 0x000000008f300000|100%| E|CS|TAMS 0x000000008f200000, 0x000000008f200000| Complete 
| 243|0x000000008f300000, 0x000000008f400000, 0x000000008f400000|100%| E|CS|TAMS 0x000000008f300000, 0x000000008f300000| Complete 
| 244|0x000000008f400000, 0x000000008f500000, 0x000000008f500000|100%| E|CS|TAMS 0x000000008f400000, 0x000000008f400000| Complete 
| 245|0x000000008f500000, 0x000000008f600000, 0x000000008f600000|100%| E|CS|TAMS 0x000000008f500000, 0x000000008f500000| Complete 
| 246|0x000000008f600000, 0x000000008f700000, 0x000000008f700000|100%| E|CS|TAMS 0x000000008f600000, 0x000000008f600000| Complete 
| 247|0x000000008f700000, 0x000000008f800000, 0x000000008f800000|100%| E|CS|TAMS 0x000000008f700000, 0x000000008f700000| Complete 
| 248|0x000000008f800000, 0x000000008f900000, 0x000000008f900000|100%| E|CS|TAMS 0x000000008f800000, 0x000000008f800000| Complete 
| 249|0x000000008f900000, 0x000000008fa00000, 0x000000008fa00000|100%| E|CS|TAMS 0x000000008f900000, 0x000000008f900000| Complete 
| 250|0x000000008fa00000, 0x000000008fb00000, 0x000000008fb00000|100%| E|CS|TAMS 0x000000008fa00000, 0x000000008fa00000| Complete 
| 251|0x000000008fb00000, 0x000000008fc00000, 0x000000008fc00000|100%| E|CS|TAMS 0x000000008fb00000, 0x000000008fb00000| Complete 
| 252|0x000000008fc00000, 0x000000008fd00000, 0x000000008fd00000|100%| E|CS|TAMS 0x000000008fc00000, 0x000000008fc00000| Complete 
| 253|0x000000008fd00000, 0x000000008fe00000, 0x000000008fe00000|100%| E|CS|TAMS 0x000000008fd00000, 0x000000008fd00000| Complete 
| 254|0x000000008fe00000, 0x000000008ff00000, 0x000000008ff00000|100%| E|CS|TAMS 0x000000008fe00000, 0x000000008fe00000| Complete 
| 255|0x000000008ff00000, 0x0000000090000000, 0x0000000090000000|100%| E|CS|TAMS 0x000000008ff00000, 0x000000008ff00000| Complete 
| 256|0x0000000090000000, 0x0000000090100000, 0x0000000090100000|100%| E|CS|TAMS 0x0000000090000000, 0x0000000090000000| Complete 
| 257|0x0000000090100000, 0x0000000090200000, 0x0000000090200000|100%| E|CS|TAMS 0x0000000090100000, 0x0000000090100000| Complete 
| 258|0x0000000090200000, 0x0000000090300000, 0x0000000090300000|100%| E|CS|TAMS 0x0000000090200000, 0x0000000090200000| Complete 

Card table byte_map: [0x0000026371130000,0x0000026371530000] _byte_map_base: 0x0000026370d30000

Marking Bits (Prev, Next): (CMBitMap*) 0x000002635849dc60, (CMBitMap*) 0x000002635849dca0
 Prev Bits: [0x0000026371930000, 0x0000026373930000)
 Next Bits: [0x0000026373930000, 0x0000026375930000)

Polling page: 0x0000026358210000

Metaspace:

Usage:
  Non-class:     83.68 MB used.
      Class:     13.54 MB used.
       Both:     97.22 MB used.

Virtual space:
  Non-class space:      128.00 MB reserved,      84.25 MB ( 66%) committed,  2 nodes.
      Class space:      416.00 MB reserved,      14.06 MB (  3%) committed,  1 nodes.
             Both:      544.00 MB reserved,      98.31 MB ( 18%) committed. 

Chunk freelists:
   Non-Class:  11.70 MB
       Class:  1.89 MB
        Both:  13.59 MB

MaxMetaspaceSize: 512.00 MB
CompressedClassSpaceSize: 416.00 MB
Initial GC threshold: 21.00 MB
Current GC threshold: 146.88 MB
CDS: on
MetaspaceReclaimPolicy: balanced
 - commit_granule_bytes: 65536.
 - commit_granule_words: 8192.
 - virtual_space_node_default_size: 8388608.
 - enlarge_chunks_in_place: 1.
 - new_chunks_are_fully_committed: 0.
 - uncommit_free_chunks: 1.
 - use_allocation_guard: 0.
 - handle_deallocations: 1.


Internal statistics:

num_allocs_failed_limit: 9.
num_arena_births: 1366.
num_arena_deaths: 0.
num_vsnodes_births: 3.
num_vsnodes_deaths: 0.
num_space_committed: 1573.
num_space_uncommitted: 0.
num_chunks_returned_to_freelist: 9.
num_chunks_taken_from_freelist: 5750.
num_chunk_merges: 9.
num_chunk_splits: 3700.
num_chunks_enlarged: 2328.
num_inconsistent_stats: 0.

CodeHeap 'non-profiled nmethods': size=120000Kb used=8158Kb max_used=8158Kb free=111841Kb
 bounds [0x00000263691e0000, 0x00000263699e0000, 0x0000026370710000]
CodeHeap 'profiled nmethods': size=120000Kb used=27384Kb max_used=27384Kb free=92615Kb
 bounds [0x0000026361710000, 0x00000263631d0000, 0x0000026368c40000]
CodeHeap 'non-nmethods': size=5760Kb used=2415Kb max_used=2470Kb free=3344Kb
 bounds [0x0000026368c40000, 0x0000026368ec0000, 0x00000263691e0000]
 total_blobs=14691 nmethods=13757 adapters=844
 compilation: enabled
              stopped_count=0, restarted_count=0
 full_count=0

Compilation events (20 events):
Event: 64.904 Thread 0x0000026377f67f50 nmethod 14868 0x00000263699d5490 code [0x00000263699d5600, 0x00000263699d5678]
Event: 64.904 Thread 0x0000026377f67f50 14875       4       com.google.common.collect.ImmutableSortedMap::of (4 bytes)
Event: 64.904 Thread 0x0000026377f67f50 nmethod 14875 0x00000263699d5790 code [0x00000263699d5900, 0x00000263699d5958]
Event: 64.904 Thread 0x0000026377f67f50 15168       4       org.gradle.internal.hash.HashCode::<init> (5 bytes)
Event: 64.904 Thread 0x0000026377f67f50 nmethod 15168 0x00000263699d5a90 code [0x00000263699d5c00, 0x00000263699d5c78]
Event: 64.904 Thread 0x0000026377f67f50 15169       4       org.gradle.internal.hash.HashCode::<init> (5 bytes)
Event: 64.904 Thread 0x0000026377f67f50 nmethod 15169 0x00000263699d5d90 code [0x00000263699d5f00, 0x00000263699d5f78]
Event: 64.930 Thread 0x0000026377f67f50 15255       4       java.nio.file.attribute.FileTime::from (18 bytes)
Event: 64.931 Thread 0x0000026377f67f50 nmethod 15255 0x00000263699d6090 code [0x00000263699d6220, 0x00000263699d62f8]
Event: 64.931 Thread 0x0000026377f67f50 15262       4       com.google.common.util.concurrent.AbstractFuture$UnsafeAtomicHelper::casValue (13 bytes)
Event: 64.932 Thread 0x0000026377f67f50 nmethod 15262 0x00000263699d6410 code [0x00000263699d6580, 0x00000263699d66d8]
Event: 64.932 Thread 0x0000026377f67f50 15263       4       com.google.common.util.concurrent.AbstractFuture::set (32 bytes)
Event: 64.937 Thread 0x0000026377f67f50 nmethod 15263 0x00000263699d6790 code [0x00000263699d6920, 0x00000263699d6c38]
Event: 64.937 Thread 0x0000026377f67f50 15260       4       sun.nio.fs.WindowsFileAttributes::lastModifiedTime (8 bytes)
Event: 64.940 Thread 0x0000026377f67f50 nmethod 15260 0x00000263699d6d90 code [0x00000263699d6f20, 0x00000263699d70c8]
Event: 64.940 Thread 0x0000026377f67f50 15261   !   4       sun.nio.fs.WindowsFileAttributes::toFileTime (47 bytes)
Event: 64.942 Thread 0x0000026377f67f50 nmethod 15261 0x00000263699d7290 code [0x00000263699d7420, 0x00000263699d7588]
Event: 64.942 Thread 0x0000026377f67f50 15258   !   4       org.gradle.cache.internal.DefaultMultiProcessSafeIndexedCache::getIfPresent (25 bytes)
Event: 65.016 Thread 0x0000026377f6aa10 15279       2       org.gradle.api.internal.artifacts.transform.ImmutableTransformWorkspaceIdentity::equals (89 bytes)
Event: 65.017 Thread 0x0000026377f6aa10 nmethod 15279 0x00000263631c7e10 code [0x00000263631c8000, 0x00000263631c8378]

GC Heap History (20 events):
Event: 57.429 GC heap before
{Heap before GC invocations=55 (full 0):
 garbage-first heap   total 152576K, used 130025K [0x0000000080000000, 0x0000000100000000)
  region size 1024K, 15 young (15360K), 3 survivors (3072K)
 Metaspace       used 89273K, committed 90176K, reserved 557056K
  class space    used 12560K, committed 12992K, reserved 425984K
}
Event: 57.435 GC heap after
{Heap after GC invocations=56 (full 0):
 garbage-first heap   total 152576K, used 119708K [0x0000000080000000, 0x0000000100000000)
  region size 1024K, 2 young (2048K), 2 survivors (2048K)
 Metaspace       used 89273K, committed 90176K, reserved 557056K
  class space    used 12560K, committed 12992K, reserved 425984K
}
Event: 57.736 GC heap before
{Heap before GC invocations=57 (full 0):
 garbage-first heap   total 209920K, used 128924K [0x0000000080000000, 0x0000000100000000)
  region size 1024K, 12 young (12288K), 2 survivors (2048K)
 Metaspace       used 89412K, committed 90368K, reserved 557056K
  class space    used 12560K, committed 12992K, reserved 425984K
}
Event: 57.740 GC heap after
{Heap after GC invocations=58 (full 0):
 garbage-first heap   total 209920K, used 120865K [0x0000000080000000, 0x0000000100000000)
  region size 1024K, 2 young (2048K), 2 survivors (2048K)
 Metaspace       used 89412K, committed 90368K, reserved 557056K
  class space    used 12560K, committed 12992K, reserved 425984K
}
Event: 57.864 GC heap before
{Heap before GC invocations=58 (full 0):
 garbage-first heap   total 209920K, used 130081K [0x0000000080000000, 0x0000000100000000)
  region size 1024K, 10 young (10240K), 2 survivors (2048K)
 Metaspace       used 89465K, committed 90432K, reserved 557056K
  class space    used 12566K, committed 12992K, reserved 425984K
}
Event: 57.869 GC heap after
{Heap after GC invocations=59 (full 0):
 garbage-first heap   total 265216K, used 124630K [0x0000000080000000, 0x0000000100000000)
  region size 1024K, 2 young (2048K), 2 survivors (2048K)
 Metaspace       used 89465K, committed 90432K, reserved 557056K
  class space    used 12566K, committed 12992K, reserved 425984K
}
Event: 59.397 GC heap before
{Heap before GC invocations=59 (full 0):
 garbage-first heap   total 265216K, used 203478K [0x0000000080000000, 0x0000000100000000)
  region size 1024K, 76 young (77824K), 2 survivors (2048K)
 Metaspace       used 90321K, committed 91392K, reserved 557056K
  class space    used 12673K, committed 13184K, reserved 425984K
}
Event: 59.419 GC heap after
{Heap after GC invocations=60 (full 0):
 garbage-first heap   total 265216K, used 146751K [0x0000000080000000, 0x0000000100000000)
  region size 1024K, 10 young (10240K), 10 survivors (10240K)
 Metaspace       used 90321K, committed 91392K, reserved 557056K
  class space    used 12673K, committed 13184K, reserved 425984K
}
Event: 60.422 GC heap before
{Heap before GC invocations=60 (full 0):
 garbage-first heap   total 265216K, used 204095K [0x0000000080000000, 0x0000000100000000)
  region size 1024K, 66 young (67584K), 10 survivors (10240K)
 Metaspace       used 93976K, committed 94976K, reserved 557056K
  class space    used 13223K, committed 13696K, reserved 425984K
}
Event: 60.429 GC heap after
{Heap after GC invocations=61 (full 0):
 garbage-first heap   total 265216K, used 150893K [0x0000000080000000, 0x0000000100000000)
  region size 1024K, 4 young (4096K), 4 survivors (4096K)
 Metaspace       used 93976K, committed 94976K, reserved 557056K
  class space    used 13223K, committed 13696K, reserved 425984K
}
Event: 61.684 GC heap before
{Heap before GC invocations=61 (full 0):
 garbage-first heap   total 265216K, used 209261K [0x0000000080000000, 0x0000000100000000)
  region size 1024K, 61 young (62464K), 4 survivors (4096K)
 Metaspace       used 97033K, committed 98176K, reserved 557056K
  class space    used 13597K, committed 14144K, reserved 425984K
}
Event: 61.696 GC heap after
{Heap after GC invocations=62 (full 0):
 garbage-first heap   total 265216K, used 156961K [0x0000000080000000, 0x0000000100000000)
  region size 1024K, 8 young (8192K), 8 survivors (8192K)
 Metaspace       used 97033K, committed 98176K, reserved 557056K
  class space    used 13597K, committed 14144K, reserved 425984K
}
Event: 62.305 GC heap before
{Heap before GC invocations=62 (full 0):
 garbage-first heap   total 265216K, used 212257K [0x0000000080000000, 0x0000000100000000)
  region size 1024K, 62 young (63488K), 8 survivors (8192K)
 Metaspace       used 97923K, committed 99072K, reserved 557056K
  class space    used 13691K, committed 14208K, reserved 425984K
}
Event: 62.320 GC heap after
{Heap after GC invocations=63 (full 0):
 garbage-first heap   total 265216K, used 162926K [0x0000000080000000, 0x0000000100000000)
  region size 1024K, 6 young (6144K), 6 survivors (6144K)
 Metaspace       used 97923K, committed 99072K, reserved 557056K
  class space    used 13691K, committed 14208K, reserved 425984K
}
Event: 62.936 GC heap before
{Heap before GC invocations=63 (full 0):
 garbage-first heap   total 265216K, used 215150K [0x0000000080000000, 0x0000000100000000)
  region size 1024K, 57 young (58368K), 6 survivors (6144K)
 Metaspace       used 98937K, committed 100096K, reserved 557056K
  class space    used 13817K, committed 14336K, reserved 425984K
}
Event: 62.952 GC heap after
{Heap after GC invocations=64 (full 0):
 garbage-first heap   total 265216K, used 168869K [0x0000000080000000, 0x0000000100000000)
  region size 1024K, 6 young (6144K), 6 survivors (6144K)
 Metaspace       used 98937K, committed 100096K, reserved 557056K
  class space    used 13817K, committed 14336K, reserved 425984K
}
Event: 63.820 GC heap before
{Heap before GC invocations=64 (full 0):
 garbage-first heap   total 265216K, used 218021K [0x0000000080000000, 0x0000000100000000)
  region size 1024K, 55 young (56320K), 6 survivors (6144K)
 Metaspace       used 99453K, committed 100608K, reserved 557056K
  class space    used 13868K, committed 14400K, reserved 425984K
}
Event: 63.832 GC heap after
{Heap after GC invocations=65 (full 0):
 garbage-first heap   total 265216K, used 173136K [0x0000000080000000, 0x0000000100000000)
  region size 1024K, 5 young (5120K), 5 survivors (5120K)
 Metaspace       used 99453K, committed 100608K, reserved 557056K
  class space    used 13868K, committed 14400K, reserved 425984K
}
Event: 64.513 GC heap before
{Heap before GC invocations=65 (full 0):
 garbage-first heap   total 265216K, used 219216K [0x0000000080000000, 0x0000000100000000)
  region size 1024K, 51 young (52224K), 5 survivors (5120K)
 Metaspace       used 99507K, committed 100608K, reserved 557056K
  class space    used 13869K, committed 14400K, reserved 425984K
}
Event: 64.522 GC heap after
{Heap after GC invocations=66 (full 0):
 garbage-first heap   total 265216K, used 175520K [0x0000000080000000, 0x0000000100000000)
  region size 1024K, 3 young (3072K), 3 survivors (3072K)
 Metaspace       used 99507K, committed 100608K, reserved 557056K
  class space    used 13869K, committed 14400K, reserved 425984K
}

Dll operation events (14 events):
Event: 0.019 Loaded shared library C:\Program Files\Microsoft\jdk-17.0.8.7-hotspot\bin\java.dll
Event: 0.043 Loaded shared library C:\Program Files\Microsoft\jdk-17.0.8.7-hotspot\bin\jsvml.dll
Event: 0.108 Loaded shared library C:\Program Files\Microsoft\jdk-17.0.8.7-hotspot\bin\zip.dll
Event: 0.111 Loaded shared library C:\Program Files\Microsoft\jdk-17.0.8.7-hotspot\bin\instrument.dll
Event: 0.114 Loaded shared library C:\Program Files\Microsoft\jdk-17.0.8.7-hotspot\bin\net.dll
Event: 0.115 Loaded shared library C:\Program Files\Microsoft\jdk-17.0.8.7-hotspot\bin\nio.dll
Event: 0.118 Loaded shared library C:\Program Files\Microsoft\jdk-17.0.8.7-hotspot\bin\zip.dll
Event: 0.398 Loaded shared library C:\Program Files\Microsoft\jdk-17.0.8.7-hotspot\bin\jimage.dll
Event: 0.485 Loaded shared library C:\Program Files\Microsoft\jdk-17.0.8.7-hotspot\bin\verify.dll
Event: 0.863 Loaded shared library C:\Users\USER\.gradle\native\68d5fa5c4cc2d200863cafc0d521ce42e7d3e7ee720ec0a83991735586a16f82\windows-amd64\native-platform.dll
Event: 0.878 Loaded shared library C:\Users\USER\.gradle\native\e376f236ea51e6404a007f0833ffe2c6e607c4080706a723a18a27aeea778392\windows-amd64\native-platform-file-events.dll
Event: 2.195 Loaded shared library C:\Program Files\Microsoft\jdk-17.0.8.7-hotspot\bin\management.dll
Event: 2.199 Loaded shared library C:\Program Files\Microsoft\jdk-17.0.8.7-hotspot\bin\management_ext.dll
Event: 3.591 Loaded shared library C:\Program Files\Microsoft\jdk-17.0.8.7-hotspot\bin\sunmscapi.dll

Deoptimization events (20 events):
Event: 63.709 Thread 0x000002637c22f6c0 Uncommon trap: trap_request=0xffffffc6 fr.pc=0x000002636998132c relative=0x00000000000001ec
Event: 63.709 Thread 0x000002637c22f6c0 Uncommon trap: reason=bimorphic_or_optimized_type_check action=maybe_recompile pc=0x000002636998132c method=org.gradle.execution.plan.ActionNode.hasPendingPreExecutionNodes()Z @ 11 c2
Event: 63.709 Thread 0x000002637c22f6c0 DEOPT PACKING pc=0x000002636998132c sp=0x000000fd6effe7e0
Event: 63.709 Thread 0x000002637c22f6c0 DEOPT UNPACKING pc=0x0000026368c9a1a3 sp=0x000000fd6effe798 mode 2
Event: 63.714 Thread 0x000002637c22f6c0 Uncommon trap: trap_request=0xffffffc6 fr.pc=0x000002636998132c relative=0x00000000000001ec
Event: 63.714 Thread 0x000002637c22f6c0 Uncommon trap: reason=bimorphic_or_optimized_type_check action=maybe_recompile pc=0x000002636998132c method=org.gradle.execution.plan.ActionNode.hasPendingPreExecutionNodes()Z @ 11 c2
Event: 63.714 Thread 0x000002637c22f6c0 DEOPT PACKING pc=0x000002636998132c sp=0x000000fd6effe7e0
Event: 63.714 Thread 0x000002637c22f6c0 DEOPT UNPACKING pc=0x0000026368c9a1a3 sp=0x000000fd6effe798 mode 2
Event: 63.724 Thread 0x000002637c22f6c0 Uncommon trap: trap_request=0xffffffc6 fr.pc=0x000002636998132c relative=0x00000000000001ec
Event: 63.724 Thread 0x000002637c22f6c0 Uncommon trap: reason=bimorphic_or_optimized_type_check action=maybe_recompile pc=0x000002636998132c method=org.gradle.execution.plan.ActionNode.hasPendingPreExecutionNodes()Z @ 11 c2
Event: 63.724 Thread 0x000002637c22f6c0 DEOPT PACKING pc=0x000002636998132c sp=0x000000fd6effe7e0
Event: 63.724 Thread 0x000002637c22f6c0 DEOPT UNPACKING pc=0x0000026368c9a1a3 sp=0x000000fd6effe798 mode 2
Event: 63.730 Thread 0x000002637c22f6c0 Uncommon trap: trap_request=0xffffffc6 fr.pc=0x000002636998132c relative=0x00000000000001ec
Event: 63.730 Thread 0x000002637c22f6c0 Uncommon trap: reason=bimorphic_or_optimized_type_check action=maybe_recompile pc=0x000002636998132c method=org.gradle.execution.plan.ActionNode.hasPendingPreExecutionNodes()Z @ 11 c2
Event: 63.730 Thread 0x000002637c22f6c0 DEOPT PACKING pc=0x000002636998132c sp=0x000000fd6effe7e0
Event: 63.730 Thread 0x000002637c22f6c0 DEOPT UNPACKING pc=0x0000026368c9a1a3 sp=0x000000fd6effe798 mode 2
Event: 64.722 Thread 0x000002637e44a580 Uncommon trap: trap_request=0xffffff45 fr.pc=0x0000026369685320 relative=0x0000000000003840
Event: 64.722 Thread 0x000002637e44a580 Uncommon trap: reason=unstable_if action=reinterpret pc=0x0000026369685320 method=org.gradle.internal.io.StreamByteBuffer.allocateSpace()I @ 43 c2
Event: 64.722 Thread 0x000002637e44a580 DEOPT PACKING pc=0x0000026369685320 sp=0x000000fd6d3fe430
Event: 64.722 Thread 0x000002637e44a580 DEOPT UNPACKING pc=0x0000026368c9a1a3 sp=0x000000fd6d3fe0d0 mode 2

Classes unloaded (0 events):
No events

Classes redefined (0 events):
No events

Internal exceptions (20 events):
Event: 61.528 Thread 0x000002637d901080 Implicit null exception at 0x00000263698a7c43 to 0x00000263698a7cf7
Event: 61.698 Thread 0x0000026377f42950 Implicit null exception at 0x00000263696b9d7d to 0x00000263696ba398
Event: 61.699 Thread 0x000002637d901080 Implicit null exception at 0x00000263698aa24e to 0x00000263698aabf8
Event: 61.699 Thread 0x000002637d901080 Implicit null exception at 0x00000263698ac127 to 0x00000263698ac7c8
Event: 61.775 Thread 0x000002637d901080 Exception <a 'java/lang/IncompatibleClassChangeError'{0x000000008ff47df8}: Found class java.lang.Object, but interface was expected> (0x000000008ff47df8) 
thrown [s\src\hotspot\share\interpreter\linkResolver.cpp, line 826]
Event: 62.009 Thread 0x000002637d901080 Exception <a 'sun/nio/fs/WindowsException'{0x000000008eae7158}> (0x000000008eae7158) 
thrown [s\src\hotspot\share\prims\jni.cpp, line 516]
Event: 62.009 Thread 0x000002637d901080 Exception <a 'sun/nio/fs/WindowsException'{0x000000008eae8798}> (0x000000008eae8798) 
thrown [s\src\hotspot\share\prims\jni.cpp, line 516]
Event: 62.009 Thread 0x000002637d901080 Exception <a 'sun/nio/fs/WindowsException'{0x000000008eae9e28}> (0x000000008eae9e28) 
thrown [s\src\hotspot\share\prims\jni.cpp, line 516]
Event: 62.009 Thread 0x000002637d901080 Exception <a 'sun/nio/fs/WindowsException'{0x000000008eaeb4b8}> (0x000000008eaeb4b8) 
thrown [s\src\hotspot\share\prims\jni.cpp, line 516]
Event: 62.694 Thread 0x000002637c232e70 Exception <a 'java/lang/NoSuchMethodError'{0x000000008db86408}: 'void java.lang.invoke.DirectMethodHandle$Holder.invokeStatic(java.lang.Object, java.lang.Object, java.lang.Object, java.lang.Object, int, java.lang.Object, java.lang.Object)'> (0x000000008db86408) 
thrown [s\src\hotspot\share\interpreter\linkResolver.cpp, line 759]
Event: 62.790 Thread 0x000002637c22f6c0 Exception <a 'java/lang/NoSuchMethodError'{0x000000008d6118d8}: 'java.lang.Object java.lang.invoke.DirectMethodHandle$Holder.invokeSpecialIFC(java.lang.Object, java.lang.Object, java.lang.Object)'> (0x000000008d6118d8) 
thrown [s\src\hotspot\share\interpreter\linkResolver.cpp, line 759]
Event: 62.796 Thread 0x000002637c231520 Implicit null exception at 0x0000026369943caf to 0x0000026369943e50
Event: 62.931 Thread 0x000002637dba6960 Exception <a 'java/lang/NoSuchMethodError'{0x000000008d05cd50}: 'void java.lang.invoke.DirectMethodHandle$Holder.invokeVirtual(java.lang.Object, java.lang.Object)'> (0x000000008d05cd50) 
thrown [s\src\hotspot\share\interpreter\linkResolver.cpp, line 759]
Event: 63.652 Thread 0x000002637c22f6c0 Exception <a 'java/lang/ClassNotFoundException'{0x000000008dabc660}: groovy/util/FileTreeBuilderBeanInfo> (0x000000008dabc660) 
thrown [s\src\hotspot\share\classfile\systemDictionary.cpp, line 256]
Event: 63.654 Thread 0x000002637c22f6c0 Exception <a 'java/lang/ClassNotFoundException'{0x000000008d921010}: groovy/util/FileTreeBuilderCustomizer> (0x000000008d921010) 
thrown [s\src\hotspot\share\classfile\systemDictionary.cpp, line 256]
Event: 63.658 Thread 0x000002637c22f6c0 Exception <a 'java/lang/ClassNotFoundException'{0x000000008d95ff38}: java/io/BufferedWriterBeanInfo> (0x000000008d95ff38) 
thrown [s\src\hotspot\share\classfile\systemDictionary.cpp, line 256]
Event: 63.658 Thread 0x000002637c22f6c0 Exception <a 'java/lang/ClassNotFoundException'{0x000000008d965918}: java/io/WriterBeanInfo> (0x000000008d965918) 
thrown [s\src\hotspot\share\classfile\systemDictionary.cpp, line 256]
Event: 63.658 Thread 0x000002637c22f6c0 Exception <a 'java/lang/ClassNotFoundException'{0x000000008d96afd0}: java/io/WriterCustomizer> (0x000000008d96afd0) 
thrown [s\src\hotspot\share\classfile\systemDictionary.cpp, line 256]
Event: 63.659 Thread 0x000002637c22f6c0 Exception <a 'java/lang/ClassNotFoundException'{0x000000008d979a68}: java/io/BufferedWriterCustomizer> (0x000000008d979a68) 
thrown [s\src\hotspot\share\classfile\systemDictionary.cpp, line 256]
Event: 63.696 Thread 0x000002637c22f6c0 Exception <a 'java/lang/NoSuchMethodError'{0x000000008d802b10}: static Lcom/android/build/api/variant/BuildConfigField;.<clinit>()V> (0x000000008d802b10) 
thrown [s\src\hotspot\share\prims\jni.cpp, line 1107]

VM Operations (20 events):
Event: 62.732 Executing VM operation: HandshakeAllThreads
Event: 62.732 Executing VM operation: HandshakeAllThreads done
Event: 62.735 Executing VM operation: HandshakeAllThreads
Event: 62.735 Executing VM operation: HandshakeAllThreads done
Event: 62.737 Executing VM operation: HandshakeAllThreads
Event: 62.737 Executing VM operation: HandshakeAllThreads done
Event: 62.775 Executing VM operation: ICBufferFull
Event: 62.775 Executing VM operation: ICBufferFull done
Event: 62.778 Executing VM operation: HandshakeAllThreads
Event: 62.778 Executing VM operation: HandshakeAllThreads done
Event: 62.935 Executing VM operation: G1CollectForAllocation
Event: 62.958 Executing VM operation: G1CollectForAllocation done
Event: 63.426 Executing VM operation: ICBufferFull
Event: 63.450 Executing VM operation: ICBufferFull done
Event: 63.790 Executing VM operation: ICBufferFull
Event: 63.790 Executing VM operation: ICBufferFull done
Event: 63.820 Executing VM operation: G1CollectForAllocation
Event: 63.832 Executing VM operation: G1CollectForAllocation done
Event: 64.512 Executing VM operation: G1CollectForAllocation
Event: 64.522 Executing VM operation: G1CollectForAllocation done

Events (20 events):
Event: 63.473 Thread 0x000002637cbeaea0 Thread added: 0x000002637cbeaea0
Event: 63.473 Thread 0x000002637cbec7f0 Thread added: 0x000002637cbec7f0
Event: 63.473 Thread 0x000002637cbee650 Thread added: 0x000002637cbee650
Event: 63.505 Thread 0x000002637cbed210 Thread added: 0x000002637cbed210
Event: 63.658 loading class java/io/BufferedWriterBeanInfo
Event: 63.658 loading class java/io/BufferedWriterBeanInfo done
Event: 63.658 loading class java/io/BufferedWriterBeanInfo
Event: 63.658 loading class java/io/BufferedWriterBeanInfo done
Event: 63.658 loading class java/io/WriterBeanInfo
Event: 63.658 loading class java/io/WriterBeanInfo done
Event: 63.658 loading class java/io/WriterBeanInfo
Event: 63.658 loading class java/io/WriterBeanInfo done
Event: 63.658 loading class java/io/WriterCustomizer
Event: 63.658 loading class java/io/WriterCustomizer done
Event: 63.658 loading class java/io/WriterCustomizer
Event: 63.658 loading class java/io/WriterCustomizer done
Event: 63.658 loading class java/io/BufferedWriterCustomizer
Event: 63.658 loading class java/io/BufferedWriterCustomizer done
Event: 63.659 loading class java/io/BufferedWriterCustomizer
Event: 63.659 loading class java/io/BufferedWriterCustomizer done


Dynamic libraries:
0x00007ff7bc7f0000 - 0x00007ff7bc7fe000 	C:\Program Files\Microsoft\jdk-17.0.8.7-hotspot\bin\java.exe
0x00007ff9fe410000 - 0x00007ff9fe627000 	C:\WINDOWS\SYSTEM32\ntdll.dll
0x00007ff9fdb10000 - 0x00007ff9fdbd4000 	C:\WINDOWS\System32\KERNEL32.DLL
0x00007ff9fb7c0000 - 0x00007ff9fbb66000 	C:\WINDOWS\System32\KERNELBASE.dll
0x00007ff9fbdb0000 - 0x00007ff9fbec1000 	C:\WINDOWS\System32\ucrtbase.dll
0x00007ff9dfe40000 - 0x00007ff9dfe5b000 	C:\Program Files\Microsoft\jdk-17.0.8.7-hotspot\bin\VCRUNTIME140.dll
0x00007ff9e0340000 - 0x00007ff9e0357000 	C:\Program Files\Microsoft\jdk-17.0.8.7-hotspot\bin\jli.dll
0x00007ff9fc6d0000 - 0x00007ff9fc87e000 	C:\WINDOWS\System32\USER32.dll
0x00007ff9fbb70000 - 0x00007ff9fbb96000 	C:\WINDOWS\System32\win32u.dll
0x00007ff9dcd30000 - 0x00007ff9dcfc3000 	C:\WINDOWS\WinSxS\amd64_microsoft.windows.common-controls_6595b64144ccf1df_6.0.22621.2506_none_270c5ae97388e100\COMCTL32.dll
0x00007ff9fcd70000 - 0x00007ff9fcd99000 	C:\WINDOWS\System32\GDI32.dll
0x00007ff9fe2a0000 - 0x00007ff9fe347000 	C:\WINDOWS\System32\msvcrt.dll
0x00007ff9fc010000 - 0x00007ff9fc128000 	C:\WINDOWS\System32\gdi32full.dll
0x00007ff9fbd10000 - 0x00007ff9fbdaa000 	C:\WINDOWS\System32\msvcp_win.dll
0x00007ff9fc9b0000 - 0x00007ff9fc9e1000 	C:\WINDOWS\System32\IMM32.DLL
0x00007ff9e26e0000 - 0x00007ff9e26ec000 	C:\Program Files\Microsoft\jdk-17.0.8.7-hotspot\bin\vcruntime140_1.dll
0x00007ff9b6900000 - 0x00007ff9b698d000 	C:\Program Files\Microsoft\jdk-17.0.8.7-hotspot\bin\msvcp140.dll
0x00007ff9a0ed0000 - 0x00007ff9a1b35000 	C:\Program Files\Microsoft\jdk-17.0.8.7-hotspot\bin\server\jvm.dll
0x00007ff9fc180000 - 0x00007ff9fc233000 	C:\WINDOWS\System32\ADVAPI32.dll
0x00007ff9fe190000 - 0x00007ff9fe238000 	C:\WINDOWS\System32\sechost.dll
0x00007ff9fc130000 - 0x00007ff9fc158000 	C:\WINDOWS\System32\bcrypt.dll
0x00007ff9fcea0000 - 0x00007ff9fcfb7000 	C:\WINDOWS\System32\RPCRT4.dll
0x00007ff9fb470000 - 0x00007ff9fb4bd000 	C:\WINDOWS\SYSTEM32\POWRPROF.dll
0x00007ff9e2600000 - 0x00007ff9e2609000 	C:\WINDOWS\SYSTEM32\WSOCK32.dll
0x00007ff9fe350000 - 0x00007ff9fe3c1000 	C:\WINDOWS\System32\WS2_32.dll
0x00007ff9f2560000 - 0x00007ff9f2594000 	C:\WINDOWS\SYSTEM32\WINMM.dll
0x00007ff9f5820000 - 0x00007ff9f582a000 	C:\WINDOWS\SYSTEM32\VERSION.dll
0x00007ff9fb450000 - 0x00007ff9fb463000 	C:\WINDOWS\SYSTEM32\UMPDC.dll
0x00007ff9fa760000 - 0x00007ff9fa778000 	C:\WINDOWS\SYSTEM32\kernel.appcore.dll
0x00007ff9e0a10000 - 0x00007ff9e0a1a000 	C:\Program Files\Microsoft\jdk-17.0.8.7-hotspot\bin\jimage.dll
0x00007ff9f8dd0000 - 0x00007ff9f9003000 	C:\WINDOWS\SYSTEM32\DBGHELP.DLL
0x00007ff9fdbe0000 - 0x00007ff9fdf69000 	C:\WINDOWS\System32\combase.dll
0x00007ff9fc880000 - 0x00007ff9fc957000 	C:\WINDOWS\System32\OLEAUT32.dll
0x00007ff9f1920000 - 0x00007ff9f1952000 	C:\WINDOWS\SYSTEM32\dbgcore.DLL
0x00007ff9fbed0000 - 0x00007ff9fbf4a000 	C:\WINDOWS\System32\bcryptPrimitives.dll
0x00007ff9ed730000 - 0x00007ff9ed73e000 	C:\Program Files\Microsoft\jdk-17.0.8.7-hotspot\bin\instrument.dll
0x00007ff9c2ae0000 - 0x00007ff9c2b05000 	C:\Program Files\Microsoft\jdk-17.0.8.7-hotspot\bin\java.dll
0x00007ff9b1ea0000 - 0x00007ff9b1f77000 	C:\Program Files\Microsoft\jdk-17.0.8.7-hotspot\bin\jsvml.dll
0x00007ff9fd2a0000 - 0x00007ff9fdafb000 	C:\WINDOWS\System32\SHELL32.dll
0x00007ff9f9660000 - 0x00007ff9f9f56000 	C:\WINDOWS\SYSTEM32\windows.storage.dll
0x00007ff9f9520000 - 0x00007ff9f965e000 	C:\WINDOWS\SYSTEM32\wintypes.dll
0x00007ff9fcda0000 - 0x00007ff9fce93000 	C:\WINDOWS\System32\SHCORE.dll
0x00007ff9fca80000 - 0x00007ff9fcade000 	C:\WINDOWS\System32\shlwapi.dll
0x00007ff9fb680000 - 0x00007ff9fb6a6000 	C:\WINDOWS\SYSTEM32\profapi.dll
0x00007ff9d7420000 - 0x00007ff9d7438000 	C:\Program Files\Microsoft\jdk-17.0.8.7-hotspot\bin\zip.dll
0x00007ff9d78d0000 - 0x00007ff9d78e9000 	C:\Program Files\Microsoft\jdk-17.0.8.7-hotspot\bin\net.dll
0x00007ff9f53e0000 - 0x00007ff9f5517000 	C:\WINDOWS\SYSTEM32\WINHTTP.dll
0x00007ff9fac10000 - 0x00007ff9fac79000 	C:\WINDOWS\system32\mswsock.dll
0x00007ff9d75a0000 - 0x00007ff9d75b6000 	C:\Program Files\Microsoft\jdk-17.0.8.7-hotspot\bin\nio.dll
0x00007ff9ed740000 - 0x00007ff9ed750000 	C:\Program Files\Microsoft\jdk-17.0.8.7-hotspot\bin\verify.dll
0x00007ff9b5930000 - 0x00007ff9b5957000 	C:\Users\USER\.gradle\native\68d5fa5c4cc2d200863cafc0d521ce42e7d3e7ee720ec0a83991735586a16f82\windows-amd64\native-platform.dll
0x00007ff9a9410000 - 0x00007ff9a9554000 	C:\Users\USER\.gradle\native\e376f236ea51e6404a007f0833ffe2c6e607c4080706a723a18a27aeea778392\windows-amd64\native-platform-file-events.dll
0x00007ff9f2600000 - 0x00007ff9f2609000 	C:\Program Files\Microsoft\jdk-17.0.8.7-hotspot\bin\management.dll
0x00007ff9f25f0000 - 0x00007ff9f25fb000 	C:\Program Files\Microsoft\jdk-17.0.8.7-hotspot\bin\management_ext.dll
0x00007ff9fc240000 - 0x00007ff9fc248000 	C:\WINDOWS\System32\PSAPI.DLL
0x00007ff9fae60000 - 0x00007ff9fae7b000 	C:\WINDOWS\SYSTEM32\CRYPTSP.dll
0x00007ff9fa6c0000 - 0x00007ff9fa6f5000 	C:\WINDOWS\system32\rsaenh.dll
0x00007ff9fad00000 - 0x00007ff9fad2c000 	C:\WINDOWS\SYSTEM32\USERENV.dll
0x00007ff9fae80000 - 0x00007ff9fae8c000 	C:\WINDOWS\SYSTEM32\CRYPTBASE.dll
0x00007ff9fa1c0000 - 0x00007ff9fa1ed000 	C:\WINDOWS\SYSTEM32\IPHLPAPI.DLL
0x00007ff9fcc40000 - 0x00007ff9fcc49000 	C:\WINDOWS\System32\NSI.dll
0x00007ff9f3e40000 - 0x00007ff9f3e59000 	C:\WINDOWS\SYSTEM32\dhcpcsvc6.DLL
0x00007ff9f3950000 - 0x00007ff9f396f000 	C:\WINDOWS\SYSTEM32\dhcpcsvc.DLL
0x00007ff9fa1f0000 - 0x00007ff9fa2e9000 	C:\WINDOWS\SYSTEM32\DNSAPI.dll
0x00007ff9f25e0000 - 0x00007ff9f25ee000 	C:\Program Files\Microsoft\jdk-17.0.8.7-hotspot\bin\sunmscapi.dll
0x00007ff9fbba0000 - 0x00007ff9fbd06000 	C:\WINDOWS\System32\CRYPT32.dll
0x00007ff9fb020000 - 0x00007ff9fb04e000 	C:\WINDOWS\SYSTEM32\ncrypt.dll
0x00007ff9fafe0000 - 0x00007ff9fb017000 	C:\WINDOWS\SYSTEM32\NTASN1.dll
0x00007ff9f25d0000 - 0x00007ff9f25d8000 	C:\WINDOWS\system32\wshunix.dll
0x00007ff9e0f60000 - 0x00007ff9e0f77000 	C:\WINDOWS\system32\napinsp.dll
0x00007ff9dd2b0000 - 0x00007ff9dd2cb000 	C:\WINDOWS\system32\pnrpnsp.dll
0x00007ff9dd290000 - 0x00007ff9dd2a1000 	C:\WINDOWS\System32\winrnr.dll
0x00007ff9f1f20000 - 0x00007ff9f1f35000 	C:\WINDOWS\system32\wshbth.dll
0x00007ff9dd250000 - 0x00007ff9dd271000 	C:\WINDOWS\system32\nlansp_c.dll
0x00007ff9eb8d0000 - 0x00007ff9eb8da000 	C:\Windows\System32\rasadhlp.dll
0x00007ff9f1e10000 - 0x00007ff9f1e93000 	C:\WINDOWS\System32\fwpuclnt.dll

dbghelp: loaded successfully - version: 4.0.5 - missing functions: none
symbol engine: initialized successfully - sym options: 0x614 - pdb path: .;C:\Program Files\Microsoft\jdk-17.0.8.7-hotspot\bin;C:\WINDOWS\SYSTEM32;C:\WINDOWS\WinSxS\amd64_microsoft.windows.common-controls_6595b64144ccf1df_6.0.22621.2506_none_270c5ae97388e100;C:\Program Files\Microsoft\jdk-17.0.8.7-hotspot\bin\server;C:\Users\USER\.gradle\native\68d5fa5c4cc2d200863cafc0d521ce42e7d3e7ee720ec0a83991735586a16f82\windows-amd64;C:\Users\USER\.gradle\native\e376f236ea51e6404a007f0833ffe2c6e607c4080706a723a18a27aeea778392\windows-amd64

VM Arguments:
jvm_args: -XX:MaxMetaspaceSize=512m --add-opens=java.base/java.util=ALL-UNNAMED --add-opens=java.base/java.lang=ALL-UNNAMED --add-opens=java.base/java.lang.invoke=ALL-UNNAMED --add-opens=java.prefs/java.util.prefs=ALL-UNNAMED --add-opens=java.base/java.nio.charset=ALL-UNNAMED --add-opens=java.base/java.net=ALL-UNNAMED --add-opens=java.base/java.util.concurrent.atomic=ALL-UNNAMED -Xmx2048m -Dfile.encoding=windows-1252 -Duser.country=IN -Duser.language=en -Duser.variant -javaagent:C:\Users\USER\.gradle\wrapper\dists\gradle-8.3-all\6en3ugtfdg5xnpx44z4qbwgas\gradle-8.3\lib\agents\gradle-instrumentation-agent-8.3.jar 
java_command: org.gradle.launcher.daemon.bootstrap.GradleDaemon 8.3
java_class_path (initial): C:\Users\USER\.gradle\wrapper\dists\gradle-8.3-all\6en3ugtfdg5xnpx44z4qbwgas\gradle-8.3\lib\gradle-launcher-8.3.jar
Launcher Type: SUN_STANDARD

[Global flags]
     intx CICompilerCount                          = 3                                         {product} {ergonomic}
   size_t CompressedClassSpaceSize                 = 436207616                                 {product} {ergonomic}
     uint ConcGCThreads                            = 1                                         {product} {ergonomic}
     uint G1ConcRefinementThreads                  = 4                                         {product} {ergonomic}
   size_t G1HeapRegionSize                         = 1048576                                   {product} {ergonomic}
    uintx GCDrainStackTargetSize                   = 64                                        {product} {ergonomic}
   size_t InitialHeapSize                          = 132120576                                 {product} {ergonomic}
   size_t MarkStackSize                            = 4194304                                   {product} {ergonomic}
   size_t MaxHeapSize                              = 2147483648                                {product} {command line}
   size_t MaxMetaspaceSize                         = 536870912                                 {product} {command line}
   size_t MaxNewSize                               = 1287651328                                {product} {ergonomic}
   size_t MinHeapDeltaBytes                        = 1048576                                   {product} {ergonomic}
   size_t MinHeapSize                              = 8388608                                   {product} {ergonomic}
    uintx NonNMethodCodeHeapSize                   = 5832780                                {pd product} {ergonomic}
    uintx NonProfiledCodeHeapSize                  = 122912730                              {pd product} {ergonomic}
    uintx ProfiledCodeHeapSize                     = 122912730                              {pd product} {ergonomic}
    uintx ReservedCodeCacheSize                    = 251658240                              {pd product} {ergonomic}
     bool SegmentedCodeCache                       = true                                      {product} {ergonomic}
   size_t SoftMaxHeapSize                          = 2147483648                             {manageable} {ergonomic}
     bool UseCompressedClassPointers               = true                           {product lp64_product} {ergonomic}
     bool UseCompressedOops                        = true                           {product lp64_product} {ergonomic}
     bool UseG1GC                                  = true                                      {product} {ergonomic}
     bool UseLargePagesIndividualAllocation        = false                                  {pd product} {ergonomic}

Logging:
Log output configuration:
 #0: stdout all=warning uptime,level,tags
 #1: stderr all=off uptime,level,tags

Environment Variables:
JAVA_HOME=C:\Program Files\Microsoft\jdk-17.0.8.7-hotspot
CLASSPATH=C:\Users\USER\HSE-updated\android\\gradle\wrapper\gradle-wrapper.jar
PATH=C:\Users\USER\HSE-updated\node_modules\.bin;C:\Users\USER\HSE-updated\node_modules\.bin;C:\Users\USER\node_modules\.bin;C:\Users\node_modules\.bin;C:\node_modules\.bin;C:\Users\USER\HSE-updated\node_modules\npm\node_modules\@npmcli\run-script\lib\node-gyp-bin;C:\Users\USER\HSE-updated\node_modules\.bin;C:\Users\USER\node_modules\.bin;C:\Users\node_modules\.bin;C:\node_modules\.bin;C:\Program Files\nodejs\node_modules\npm\node_modules\@npmcli\run-script\lib\node-gyp-bin;C:\Program Files\Microsoft\jdk-17.0.8.7-hotspot\bin;C:\Program Files\Common Files\Oracle\Java\javapath;C:\Python311\Scripts\;C:\Python311\;C:\WINDOWS\system32;C:\WINDOWS;C:\WINDOWS\System32\Wbem;C:\WINDOWS\System32\WindowsPowerShell\v1.0\;C:\WINDOWS\System32\OpenSSH\;C:\ProgramData\chocolatey\bin;C:\Program Files\Git\cmd;C:\Program Files\MongoDB\Server\6.0\bin;C:\Program Files\Mongosh\bin;C:\Users\USER\Downloads\mingw-w64-v10.0.0\mingw-w64-v10.0.0;C:\MinGW\bin;C:\platform-tools;C:\HashiCorp\Vagrant\bin;C:\Program Files\scarb\bin;C:\Program Files\nodejs\;\\wsl.localhost\Ubuntu\home\mustafa\.cargo\bin;\\wsl.localhost\Ubuntu\home\mustafa\.rustup\toolchains\stable-x86_64-unknown-linux-gnu\bin;C:\Program Files\Java\jdk-17\bin;C:\Users\USER\Downloads\gradle-8.5-all.zip\gradle-8.5\bin;C:\Users\USER\AppData\Local\Android\Sdk\platform-tools;C:\Users\USER\AppData\Local\Android\Sdk\tools;C:\Users\USER\AppData\Local\Android\Sdk\emulator;C:\Users\USER\AppData\Local\Android\Sdk\tools\bin;C:\Users\USER\AppData\Local\Android\Sdk\cmdline-tools\bin;C:\gradle-8.2\bin;C:\Users\USER\AppData\Local\Android\Sdk\platform-tools;C:\Users\USER\AppData\Local\Android\Sdk\tools;C:\Users\USER\AppData\Local\pnpm;C:\Users\USER\AppData\Local\Microsoft\WindowsApps;C:\Users\USER\AppData\Local\Programs\Microsoft VS Code\bin;C:\Program Files\JetBrains\IntelliJ IDEA Community Edition 2022.2.3\bin;C:\ProgramData\USER\GitHubDesktop\bin;C:\Users\USER\AppData\Local\GitHubDesktop\bin;C:\Users\USER\Downloads\mingw-w64-v10.0.0\mingw-w64-v10.0.0;
USERNAME=USER
LANG=en_US.UTF-8
OS=Windows_NT
PROCESSOR_IDENTIFIER=Intel64 Family 6 Model 140 Stepping 1, GenuineIntel
TMP=C:\Users\USER\AppData\Local\Temp
TEMP=C:\Users\USER\AppData\Local\Temp



---------------  S Y S T E M  ---------------

OS:
 Windows 11 , 64 bit Build 22621 (10.0.22621.3085)
OS uptime: 10 days 10:49 hours
Hyper-V role detected

CPU: total 4 (initial active 4) (2 cores per cpu, 2 threads per core) family 6 model 140 stepping 1 microcode 0x9a, cx8, cmov, fxsr, ht, mmx, 3dnowpref, sse, sse2, sse3, ssse3, sse4.1, sse4.2, popcnt, lzcnt, tsc, tscinvbit, avx, avx2, aes, erms, clmul, bmi1, bmi2, adx, avx512f, avx512dq, avx512cd, avx512bw, avx512vl, sha, fma, vzeroupper, avx512_vpopcntdq, avx512_vpclmulqdq, avx512_vaes, avx512_vnni, clflush, clflushopt, clwb, avx512_vbmi2, avx512_vbmi, hv
Processor Information for all 4 processors :
  Max Mhz: 2995, Current Mhz: 2995, Mhz Limit: 2995

Memory: 4k page, system-wide physical 7991M (191M free)
TotalPageFile size 23351M (AvailPageFile size 5156M)
current process WorkingSet (physical memory assigned to process): 493M, peak: 542M
current process commit charge ("private bytes"): 590M, peak: 597M

vm_info: OpenJDK 64-Bit Server VM (17.0.8+7-LTS) for windows-amd64 JRE (17.0.8+7-LTS), built on Jul  7 2023 17:21:55 by "MicrosoftCorporation" with MS VC++ 16.10 / 16.11 (VS2019)

END.
